#
# There is insufficient memory for the Java Runtime Environment to continue.
# Native memory allocation (malloc) failed to allocate 1449360 bytes. Error detail: Chunk::new
# Possible reasons:
#   The system is out of physical RAM or swap space
#   This process is running with CompressedOops enabled, and the Java Heap may be blocking the growth of the native heap
# Possible solutions:
#   Reduce memory load on the system
#   Increase physical memory or swap space
#   Check if swap backing store is full
#   Decrease Java heap size (-Xmx/-Xms)
#   Decrease number of Java threads
#   Decrease Java thread stack sizes (-Xss)
#   Set larger code cache with -XX:ReservedCodeCacheSize=
#   JVM is running with Unscaled Compressed Oops mode in which the Java heap is
#     placed in the first 4GB address space. The Java Heap base address is the
#     maximum limit for the native heap growth. Please use -XX:HeapBaseMinAddress
#     to set the Java Heap base and to place the Java Heap above 4GB virtual address.
# This output file may be truncated or incomplete.
#
#  Out of Memory Error (arena.cpp:162), pid=9328, tid=12852
#
# JRE version: Java(TM) SE Runtime Environment (24.0+36) (build 24+36-3646)
# Java VM: Java HotSpot(TM) 64-Bit Server VM (24+36-3646, mixed mode, sharing, tiered, compressed oops, compressed class ptrs, g1 gc, windows-amd64)
# No core dump will be written. Minidumps are not enabled by default on client versions of Windows
#

---------------  S U M M A R Y ------------

Command Line: -Dcom.sun.management.jmxremote -Dcom.sun.management.jmxremote.port=53602 -Dcom.sun.management.jmxremote.authenticate=false -Dcom.sun.management.jmxremote.ssl=false -Dspring.jmx.enabled=true -Djava.rmi.server.hostname=localhost -Dspring.application.admin.enabled=true -Dspring.boot.project.name=animedailybackend -XX:+ShowCodeDetailsInExceptionMessages com.animedaily.animedailybackend.AnimedailybackendApplication

Host: Intel(R) Core(TM) i5-1035G1 CPU @ 1.00GHz, 8 cores, 3G,  Windows 11 , 64 bit Build 26100 (10.0.26100.3912)
Time: Fri May 23 16:44:21 2025 Hora est. Pacífico, Sudamérica elapsed time: 3897.326108 seconds (0d 1h 4m 57s)

---------------  T H R E A D  ---------------

Current thread (0x00000211f4273490):  JavaThread "C2 CompilerThread0" daemon [_thread_in_native, id=12852, stack(0x000000d35d100000,0x000000d35d200000) (1024K)]


Current CompileTask:
C2:3897327 12699       4       java.util.jar.Manifest$FastInputStream::readLine (296 bytes)

Stack: [0x000000d35d100000,0x000000d35d200000]
Native frames: (J=compiled Java code, j=interpreted, Vv=VM code, C=native code)
V  [jvm.dll+0x7308c9]  (no source info available)
V  [jvm.dll+0x8d9ca3]  (no source info available)
V  [jvm.dll+0x8dc13d]  (no source info available)
V  [jvm.dll+0x8dc7b3]  (no source info available)
V  [jvm.dll+0x2aa046]  (no source info available)
V  [jvm.dll+0xced8f]  (no source info available)
V  [jvm.dll+0xcefef]  (no source info available)
V  [jvm.dll+0x154d23]  (no source info available)
V  [jvm.dll+0x7360ef]  (no source info available)
V  [jvm.dll+0x26f9dc]  (no source info available)
V  [jvm.dll+0x26e9ff]  (no source info available)
V  [jvm.dll+0x1e9d00]  (no source info available)
V  [jvm.dll+0x27e1bb]  (no source info available)
V  [jvm.dll+0x27c45a]  (no source info available)
V  [jvm.dll+0x42f566]  (no source info available)
V  [jvm.dll+0x87d8fb]  (no source info available)
V  [jvm.dll+0x72efe5]  (no source info available)
C  [ucrtbase.dll+0x37b0]  (no source info available)
C  [KERNEL32.DLL+0x2e8d7]  (no source info available)
C  [ntdll.dll+0x9c5dc]  (no source info available)

Lock stack of current Java thread (top to bottom):


---------------  P R O C E S S  ---------------

Threads class SMR info:
_java_thread_list=0x00000211c69fc9f0, length=33, elements={
0x00000211f4269c50, 0x00000211f426c4a0, 0x00000211f426f0d0, 0x00000211f4270d00,
0x00000211f4271920, 0x00000211f4272540, 0x00000211f4273490, 0x00000211f4278060,
0x00000211c5074340, 0x00000211c51e2e80, 0x00000211c5f66e30, 0x00000211c5f33920,
0x00000211c5f69620, 0x00000211c5feca40, 0x00000211c5fead00, 0x00000211c5feb450,
0x00000211c5fec2f0, 0x00000211c8384000, 0x00000211c8385d40, 0x00000211c83855f0,
0x00000211c8386490, 0x00000211c8386be0, 0x00000211c8387a80, 0x00000211c8387330,
0x00000211c8384750, 0x00000211c83881d0, 0x00000211c8384ea0, 0x00000211c838b500,
0x00000211c8388920, 0x00000211c8389070, 0x00000211c838a660, 0x00000211c83897c0,
0x00000211c8389f10
}

Java Threads: ( => current thread )
  0x00000211f4269c50 JavaThread "Reference Handler"          daemon [_thread_blocked, id=11992, stack(0x000000d35cb00000,0x000000d35cc00000) (1024K)]
  0x00000211f426c4a0 JavaThread "Finalizer"                  daemon [_thread_blocked, id=10384, stack(0x000000d35cc00000,0x000000d35cd00000) (1024K)]
  0x00000211f426f0d0 JavaThread "Signal Dispatcher"          daemon [_thread_blocked, id=3340, stack(0x000000d35cd00000,0x000000d35ce00000) (1024K)]
  0x00000211f4270d00 JavaThread "Attach Listener"            daemon [_thread_blocked, id=12744, stack(0x000000d35ce00000,0x000000d35cf00000) (1024K)]
  0x00000211f4271920 JavaThread "Service Thread"             daemon [_thread_blocked, id=3860, stack(0x000000d35cf00000,0x000000d35d000000) (1024K)]
  0x00000211f4272540 JavaThread "Monitor Deflation Thread"   daemon [_thread_blocked, id=2288, stack(0x000000d35d000000,0x000000d35d100000) (1024K)]
=>0x00000211f4273490 JavaThread "C2 CompilerThread0"         daemon [_thread_in_native, id=12852, stack(0x000000d35d100000,0x000000d35d200000) (1024K)]
  0x00000211f4278060 JavaThread "C1 CompilerThread0"         daemon [_thread_in_vm, id=4064, stack(0x000000d35d200000,0x000000d35d300000) (1024K)]
  0x00000211c5074340 JavaThread "Common-Cleaner"             daemon [_thread_blocked, id=15896, stack(0x000000d35d300000,0x000000d35d400000) (1024K)]
  0x00000211c51e2e80 JavaThread "Notification Thread"        daemon [_thread_blocked, id=14436, stack(0x000000d35d400000,0x000000d35d500000) (1024K)]
  0x00000211c5f66e30 JavaThread "RMI TCP Accept-0"           daemon [_thread_in_native, id=14340, stack(0x000000d35d500000,0x000000d35d600000) (1024K)]
  0x00000211c5f33920 JavaThread "RMI TCP Accept-53602"       daemon [_thread_in_native, id=9360, stack(0x000000d35d600000,0x000000d35d700000) (1024K)]
  0x00000211c5f69620 JavaThread "RMI TCP Accept-0"           daemon [_thread_in_native, id=12100, stack(0x000000d35d700000,0x000000d35d800000) (1024K)]
  0x00000211c5feca40 JavaThread "mysql-cj-abandoned-connection-cleanup" daemon [_thread_blocked, id=5956, stack(0x000000d35df00000,0x000000d35e000000) (1024K)]
  0x00000211c5fead00 JavaThread "HikariPool-1 housekeeper"   daemon [_thread_blocked, id=8532, stack(0x000000d35e400000,0x000000d35e500000) (1024K)]
  0x00000211c5feb450 JavaThread "Catalina-utility-1"                [_thread_blocked, id=4976, stack(0x000000d35e600000,0x000000d35e700000) (1024K)]
  0x00000211c5fec2f0 JavaThread "Catalina-utility-2"                [_thread_blocked, id=8084, stack(0x000000d35e700000,0x000000d35e800000) (1024K)]
  0x00000211c8384000 JavaThread "container-0"                       [_thread_blocked, id=724, stack(0x000000d35e800000,0x000000d35e900000) (1024K)]
  0x00000211c8385d40 JavaThread "File Watcher"               daemon [_thread_blocked, id=14872, stack(0x000000d35e500000,0x000000d35e600000) (1024K)]
  0x00000211c83855f0 JavaThread "Live Reload Server"         daemon [_thread_in_native, id=14544, stack(0x000000d35ea00000,0x000000d35eb00000) (1024K)]
  0x00000211c8386490 JavaThread "http-nio-8080-exec-1"       daemon [_thread_blocked, id=16208, stack(0x000000d35e900000,0x000000d35ea00000) (1024K)]
  0x00000211c8386be0 JavaThread "http-nio-8080-exec-2"       daemon [_thread_blocked, id=11524, stack(0x000000d35eb00000,0x000000d35ec00000) (1024K)]
  0x00000211c8387a80 JavaThread "http-nio-8080-exec-3"       daemon [_thread_blocked, id=15756, stack(0x000000d35ec00000,0x000000d35ed00000) (1024K)]
  0x00000211c8387330 JavaThread "http-nio-8080-exec-4"       daemon [_thread_blocked, id=1552, stack(0x000000d35ed00000,0x000000d35ee00000) (1024K)]
  0x00000211c8384750 JavaThread "http-nio-8080-exec-5"       daemon [_thread_blocked, id=11080, stack(0x000000d35ee00000,0x000000d35ef00000) (1024K)]
  0x00000211c83881d0 JavaThread "http-nio-8080-exec-6"       daemon [_thread_blocked, id=2064, stack(0x000000d35ef00000,0x000000d35f000000) (1024K)]
  0x00000211c8384ea0 JavaThread "http-nio-8080-exec-7"       daemon [_thread_blocked, id=15548, stack(0x000000d35f000000,0x000000d35f100000) (1024K)]
  0x00000211c838b500 JavaThread "http-nio-8080-exec-8"       daemon [_thread_blocked, id=7112, stack(0x000000d35f100000,0x000000d35f200000) (1024K)]
  0x00000211c8388920 JavaThread "http-nio-8080-exec-9"       daemon [_thread_in_Java, id=13128, stack(0x000000d35f200000,0x000000d35f300000) (1024K)]
  0x00000211c8389070 JavaThread "http-nio-8080-exec-10"      daemon [_thread_blocked, id=12776, stack(0x000000d35f300000,0x000000d35f400000) (1024K)]
  0x00000211c838a660 JavaThread "http-nio-8080-Poller"       daemon [_thread_in_native, id=1476, stack(0x000000d35f400000,0x000000d35f500000) (1024K)]
  0x00000211c83897c0 JavaThread "http-nio-8080-Acceptor"     daemon [_thread_in_native, id=8916, stack(0x000000d35f500000,0x000000d35f600000) (1024K)]
  0x00000211c8389f10 JavaThread "DestroyJavaVM"                     [_thread_blocked, id=11188, stack(0x000000d35c300000,0x000000d35c400000) (1024K)]
Total: 33

Other Threads:
  0x00000211f4259c30 VMThread "VM Thread"                           [id=14348, stack(0x000000d35ca00000,0x000000d35cb00000) (1024K)]
  0x00000211f424b400 WatcherThread "VM Periodic Task Thread"        [id=3868, stack(0x000000d35c900000,0x000000d35ca00000) (1024K)]
  0x00000211d8a2fc60 WorkerThread "GC Thread#0"                     [id=15688, stack(0x000000d35c400000,0x000000d35c500000) (1024K)]
  0x00000211c5f042c0 WorkerThread "GC Thread#1"                     [id=10524, stack(0x000000d35da00000,0x000000d35db00000) (1024K)]
  0x00000211c5f04670 WorkerThread "GC Thread#2"                     [id=14980, stack(0x000000d35db00000,0x000000d35dc00000) (1024K)]
  0x00000211c5f04a20 WorkerThread "GC Thread#3"                     [id=15204, stack(0x000000d35dc00000,0x000000d35dd00000) (1024K)]
  0x00000211c5f04dd0 WorkerThread "GC Thread#4"                     [id=15052, stack(0x000000d35dd00000,0x000000d35de00000) (1024K)]
  0x00000211c5f11210 WorkerThread "GC Thread#5"                     [id=9804, stack(0x000000d35de00000,0x000000d35df00000) (1024K)]
  0x00000211c60ba0b0 WorkerThread "GC Thread#6"                     [id=16012, stack(0x000000d35e000000,0x000000d35e100000) (1024K)]
  0x00000211c64e3200 WorkerThread "GC Thread#7"                     [id=3000, stack(0x000000d35e100000,0x000000d35e200000) (1024K)]
  0x00000211d8a3a0d0 ConcurrentGCThread "G1 Main Marker"            [id=1396, stack(0x000000d35c500000,0x000000d35c600000) (1024K)]
  0x00000211d8a3abe0 WorkerThread "G1 Conc#0"                       [id=12064, stack(0x000000d35c600000,0x000000d35c700000) (1024K)]
  0x00000211c6447420 WorkerThread "G1 Conc#1"                       [id=9904, stack(0x000000d35e300000,0x000000d35e400000) (1024K)]
  0x00000211d8a9e140 ConcurrentGCThread "G1 Refine#0"               [id=16196, stack(0x000000d35c700000,0x000000d35c800000) (1024K)]
  0x00000211d8a9eb60 ConcurrentGCThread "G1 Service"                [id=7588, stack(0x000000d35c800000,0x000000d35c900000) (1024K)]
Total: 15

Threads with active compile tasks:
C2 CompilerThread0  3897535 12699       4       java.util.jar.Manifest$FastInputStream::readLine (296 bytes)
C1 CompilerThread0  3897535 12706       3       org.springframework.http.server.DefaultPathContainer::subPath (162 bytes)
Total: 2

VM state: not at safepoint (normal execution)

VM Mutex/Monitor currently owned by a thread: None

Heap address: 0x00000000c4c00000, size: 948 MB, Compressed Oops mode: 32-bit

CDS archive(s) mapped at: [0x0000021180000000-0x0000021180d40000-0x0000021180d40000), size 13893632, SharedBaseAddress: 0x0000021180000000, ArchiveRelocationMode: 1.
Compressed class space mapped at: 0x0000021181000000-0x00000211c1000000, reserved size: 1073741824
UseCompressedClassPointers 1, UseCompactObjectHeaders 0
Narrow klass pointer bits 32, Max shift 3
Narrow klass base: 0x0000021180000000, Narrow klass shift: 0
Encoding Range: [0x0000021180000000 - 0x0000021280000000), (4294967296 bytes)
Klass Range:    [0x0000021180000000 - 0x00000211c1000000), (1090519040 bytes)
Klass ID Range:  [8 - 1090519033) (1090519025)

GC Precious Log:
 CardTable entry size: 512
 Card Set container configuration: InlinePtr #cards 5 size 8 Array Of Cards #cards 10 size 36 Howl #buckets 4 coarsen threshold 1843 Howl Bitmap #cards 512 size 80 coarsen threshold 460 Card regions per heap region 1 cards per card region 2048
 CPUs: 8 total, 8 available
 Memory: 3784M
 Large Page Support: Disabled
 NUMA Support: Disabled
 Compressed Oops: Enabled (32-bit)
 Heap Region Size: 1M
 Heap Min Capacity: 8M
 Heap Initial Capacity: 60M
 Heap Max Capacity: 948M
 Pre-touch: Disabled
 Parallel Workers: 8
 Concurrent Workers: 2
 Concurrent Refinement Workers: 8
 Periodic GC: Disabled

Heap:
 garbage-first heap   total reserved 970752K, committed 270336K, used 145547K [0x00000000c4c00000, 0x0000000100000000)
  region size 1024K, 52 young (53248K), 4 survivors (4096K)
 Metaspace       used 84594K, committed 85376K, reserved 1179648K
  class space    used 8986K, committed 9408K, reserved 1048576K

Heap Regions: E=young(eden), S=young(survivor), O=old, HS=humongous(starts), HC=humongous(continues), CS=collection set, F=free, TAMS=top-at-mark-start, PB=parsable bottom
|   0|0x00000000c4c00000, 0x00000000c4d00000, 0x00000000c4d00000|100%|HS|  |TAMS 0x00000000c4c00000| PB 0x00000000c4c00000| Complete |  0
|   1|0x00000000c4d00000, 0x00000000c4e00000, 0x00000000c4e00000|100%|HS|  |TAMS 0x00000000c4d00000| PB 0x00000000c4d00000| Complete |  0
|   2|0x00000000c4e00000, 0x00000000c4f00000, 0x00000000c4f00000|100%| O|  |TAMS 0x00000000c4e00000| PB 0x00000000c4e00000| Untracked |  0
|   3|0x00000000c4f00000, 0x00000000c5000000, 0x00000000c5000000|100%| O|  |TAMS 0x00000000c4f00000| PB 0x00000000c4f00000| Untracked |  0
|   4|0x00000000c5000000, 0x00000000c5100000, 0x00000000c5100000|100%| O|  |TAMS 0x00000000c5000000| PB 0x00000000c5000000| Untracked |  0
|   5|0x00000000c5100000, 0x00000000c5200000, 0x00000000c5200000|100%| O|  |TAMS 0x00000000c5100000| PB 0x00000000c5100000| Untracked |  0
|   6|0x00000000c5200000, 0x00000000c5300000, 0x00000000c5300000|100%| O|  |TAMS 0x00000000c5200000| PB 0x00000000c5200000| Untracked |  0
|   7|0x00000000c5300000, 0x00000000c5400000, 0x00000000c5400000|100%| O|  |TAMS 0x00000000c5300000| PB 0x00000000c5300000| Untracked |  0
|   8|0x00000000c5400000, 0x00000000c5500000, 0x00000000c5500000|100%| O|  |TAMS 0x00000000c5400000| PB 0x00000000c5400000| Untracked |  0
|   9|0x00000000c5500000, 0x00000000c5600000, 0x00000000c5600000|100%| O|  |TAMS 0x00000000c5500000| PB 0x00000000c5500000| Untracked |  0
|  10|0x00000000c5600000, 0x00000000c5700000, 0x00000000c5700000|100%| O|  |TAMS 0x00000000c5600000| PB 0x00000000c5600000| Untracked |  0
|  11|0x00000000c5700000, 0x00000000c5800000, 0x00000000c5800000|100%| O|  |TAMS 0x00000000c5700000| PB 0x00000000c5700000| Untracked |  0
|  12|0x00000000c5800000, 0x00000000c5900000, 0x00000000c5900000|100%| O|  |TAMS 0x00000000c5800000| PB 0x00000000c5800000| Untracked |  0
|  13|0x00000000c5900000, 0x00000000c5a00000, 0x00000000c5a00000|100%| O|  |TAMS 0x00000000c5900000| PB 0x00000000c5900000| Untracked |  0
|  14|0x00000000c5a00000, 0x00000000c5b00000, 0x00000000c5b00000|100%| O|  |TAMS 0x00000000c5a00000| PB 0x00000000c5a00000| Untracked |  0
|  15|0x00000000c5b00000, 0x00000000c5c00000, 0x00000000c5c00000|100%| O|Cm|TAMS 0x00000000c5b00000| PB 0x00000000c5b00000| Complete |  0
|  16|0x00000000c5c00000, 0x00000000c5d00000, 0x00000000c5d00000|100%| O|  |TAMS 0x00000000c5c00000| PB 0x00000000c5c00000| Untracked |  0
|  17|0x00000000c5d00000, 0x00000000c5e00000, 0x00000000c5e00000|100%| O|  |TAMS 0x00000000c5d00000| PB 0x00000000c5d00000| Untracked |  0
|  18|0x00000000c5e00000, 0x00000000c5f00000, 0x00000000c5f00000|100%| O|  |TAMS 0x00000000c5e00000| PB 0x00000000c5e00000| Untracked |  0
|  19|0x00000000c5f00000, 0x00000000c6000000, 0x00000000c6000000|100%| O|  |TAMS 0x00000000c5f00000| PB 0x00000000c5f00000| Untracked |  0
|  20|0x00000000c6000000, 0x00000000c6100000, 0x00000000c6100000|100%| O|  |TAMS 0x00000000c6000000| PB 0x00000000c6000000| Untracked |  0
|  21|0x00000000c6100000, 0x00000000c6200000, 0x00000000c6200000|100%| O|  |TAMS 0x00000000c6100000| PB 0x00000000c6100000| Untracked |  0
|  22|0x00000000c6200000, 0x00000000c6300000, 0x00000000c6300000|100%| O|  |TAMS 0x00000000c6200000| PB 0x00000000c6200000| Untracked |  0
|  23|0x00000000c6300000, 0x00000000c6400000, 0x00000000c6400000|100%| O|  |TAMS 0x00000000c6300000| PB 0x00000000c6300000| Untracked |  0
|  24|0x00000000c6400000, 0x00000000c6500000, 0x00000000c6500000|100%| O|  |TAMS 0x00000000c6400000| PB 0x00000000c6400000| Untracked |  0
|  25|0x00000000c6500000, 0x00000000c6600000, 0x00000000c6600000|100%| O|  |TAMS 0x00000000c6500000| PB 0x00000000c6500000| Untracked |  0
|  26|0x00000000c6600000, 0x00000000c6700000, 0x00000000c6700000|100%| O|  |TAMS 0x00000000c6600000| PB 0x00000000c6600000| Untracked |  0
|  27|0x00000000c6700000, 0x00000000c6800000, 0x00000000c6800000|100%| O|  |TAMS 0x00000000c6700000| PB 0x00000000c6700000| Untracked |  0
|  28|0x00000000c6800000, 0x00000000c6900000, 0x00000000c6900000|100%| O|  |TAMS 0x00000000c6800000| PB 0x00000000c6800000| Untracked |  0
|  29|0x00000000c6900000, 0x00000000c6a00000, 0x00000000c6a00000|100%| O|  |TAMS 0x00000000c6900000| PB 0x00000000c6900000| Untracked |  0
|  30|0x00000000c6a00000, 0x00000000c6b00000, 0x00000000c6b00000|100%| O|  |TAMS 0x00000000c6a00000| PB 0x00000000c6a00000| Untracked |  0
|  31|0x00000000c6b00000, 0x00000000c6c00000, 0x00000000c6c00000|100%| O|  |TAMS 0x00000000c6b00000| PB 0x00000000c6b00000| Untracked |  0
|  32|0x00000000c6c00000, 0x00000000c6d00000, 0x00000000c6d00000|100%| O|  |TAMS 0x00000000c6c00000| PB 0x00000000c6c00000| Untracked |  0
|  33|0x00000000c6d00000, 0x00000000c6e00000, 0x00000000c6e00000|100%| O|  |TAMS 0x00000000c6d00000| PB 0x00000000c6d00000| Untracked |  0
|  34|0x00000000c6e00000, 0x00000000c6f00000, 0x00000000c6f00000|100%| O|  |TAMS 0x00000000c6e00000| PB 0x00000000c6e00000| Untracked |  0
|  35|0x00000000c6f00000, 0x00000000c7000000, 0x00000000c7000000|100%| O|  |TAMS 0x00000000c6f00000| PB 0x00000000c6f00000| Untracked |  0
|  36|0x00000000c7000000, 0x00000000c7100000, 0x00000000c7100000|100%| O|Cm|TAMS 0x00000000c7000000| PB 0x00000000c7000000| Complete |  0
|  37|0x00000000c7100000, 0x00000000c7200000, 0x00000000c7200000|100%| O|  |TAMS 0x00000000c7100000| PB 0x00000000c7100000| Untracked |  0
|  38|0x00000000c7200000, 0x00000000c7300000, 0x00000000c7300000|100%| O|  |TAMS 0x00000000c7200000| PB 0x00000000c7200000| Untracked |  0
|  39|0x00000000c7300000, 0x00000000c7400000, 0x00000000c7400000|100%| O|  |TAMS 0x00000000c7300000| PB 0x00000000c7300000| Untracked |  0
|  40|0x00000000c7400000, 0x00000000c7500000, 0x00000000c7500000|100%| O|  |TAMS 0x00000000c7400000| PB 0x00000000c7400000| Untracked |  0
|  41|0x00000000c7500000, 0x00000000c7600000, 0x00000000c7600000|100%| O|  |TAMS 0x00000000c7500000| PB 0x00000000c7500000| Untracked |  0
|  42|0x00000000c7600000, 0x00000000c7700000, 0x00000000c7700000|100%| O|  |TAMS 0x00000000c7600000| PB 0x00000000c7600000| Untracked |  0
|  43|0x00000000c7700000, 0x00000000c7800000, 0x00000000c7800000|100%| O|  |TAMS 0x00000000c7700000| PB 0x00000000c7700000| Untracked |  0
|  44|0x00000000c7800000, 0x00000000c7900000, 0x00000000c7900000|100%| O|  |TAMS 0x00000000c7800000| PB 0x00000000c7800000| Untracked |  0
|  45|0x00000000c7900000, 0x00000000c7900000, 0x00000000c7a00000|  0%| F|  |TAMS 0x00000000c7900000| PB 0x00000000c7900000| Untracked |  0
|  46|0x00000000c7a00000, 0x00000000c7b00000, 0x00000000c7b00000|100%| O|  |TAMS 0x00000000c7a00000| PB 0x00000000c7a00000| Untracked |  0
|  47|0x00000000c7b00000, 0x00000000c7c00000, 0x00000000c7c00000|100%| O|  |TAMS 0x00000000c7b00000| PB 0x00000000c7b00000| Untracked |  0
|  48|0x00000000c7c00000, 0x00000000c7c00000, 0x00000000c7d00000|  0%| F|  |TAMS 0x00000000c7c00000| PB 0x00000000c7c00000| Untracked |  0
|  49|0x00000000c7d00000, 0x00000000c7d00000, 0x00000000c7e00000|  0%| F|  |TAMS 0x00000000c7d00000| PB 0x00000000c7d00000| Untracked |  0
|  50|0x00000000c7e00000, 0x00000000c7f00000, 0x00000000c7f00000|100%| O|  |TAMS 0x00000000c7e00000| PB 0x00000000c7e00000| Untracked |  0
|  51|0x00000000c7f00000, 0x00000000c8000000, 0x00000000c8000000|100%| O|  |TAMS 0x00000000c7f00000| PB 0x00000000c7f00000| Untracked |  0
|  52|0x00000000c8000000, 0x00000000c8100000, 0x00000000c8100000|100%| O|Cm|TAMS 0x00000000c8000000| PB 0x00000000c8000000| Complete |  0
|  53|0x00000000c8100000, 0x00000000c8200000, 0x00000000c8200000|100%| O|Cm|TAMS 0x00000000c8100000| PB 0x00000000c8100000| Complete |  0
|  54|0x00000000c8200000, 0x00000000c8300000, 0x00000000c8300000|100%| O|Cm|TAMS 0x00000000c8200000| PB 0x00000000c8200000| Complete |  0
|  55|0x00000000c8300000, 0x00000000c8300000, 0x00000000c8400000|  0%| F|  |TAMS 0x00000000c8300000| PB 0x00000000c8300000| Untracked |  0
|  56|0x00000000c8400000, 0x00000000c8500000, 0x00000000c8500000|100%| O|  |TAMS 0x00000000c8400000| PB 0x00000000c8400000| Untracked |  0
|  57|0x00000000c8500000, 0x00000000c8600000, 0x00000000c8600000|100%| O|  |TAMS 0x00000000c8500000| PB 0x00000000c8500000| Untracked |  0
|  58|0x00000000c8600000, 0x00000000c8700000, 0x00000000c8700000|100%| O|  |TAMS 0x00000000c8600000| PB 0x00000000c8600000| Untracked |  0
|  59|0x00000000c8700000, 0x00000000c8700000, 0x00000000c8800000|  0%| F|  |TAMS 0x00000000c8700000| PB 0x00000000c8700000| Untracked |  0
|  60|0x00000000c8800000, 0x00000000c8800000, 0x00000000c8900000|  0%| F|  |TAMS 0x00000000c8800000| PB 0x00000000c8800000| Untracked |  0
|  61|0x00000000c8900000, 0x00000000c8a00000, 0x00000000c8a00000|100%| O|Cm|TAMS 0x00000000c8900000| PB 0x00000000c8900000| Complete |  0
|  62|0x00000000c8a00000, 0x00000000c8b00000, 0x00000000c8b00000|100%| O|  |TAMS 0x00000000c8a00000| PB 0x00000000c8a00000| Untracked |  0
|  63|0x00000000c8b00000, 0x00000000c8c00000, 0x00000000c8c00000|100%| O|Cm|TAMS 0x00000000c8b00000| PB 0x00000000c8b00000| Complete |  0
|  64|0x00000000c8c00000, 0x00000000c8c00000, 0x00000000c8d00000|  0%| F|  |TAMS 0x00000000c8c00000| PB 0x00000000c8c00000| Untracked |  0
|  65|0x00000000c8d00000, 0x00000000c8d00000, 0x00000000c8e00000|  0%| F|  |TAMS 0x00000000c8d00000| PB 0x00000000c8d00000| Untracked |  0
|  66|0x00000000c8e00000, 0x00000000c8f00000, 0x00000000c8f00000|100%| O|  |TAMS 0x00000000c8e00000| PB 0x00000000c8e00000| Untracked |  0
|  67|0x00000000c8f00000, 0x00000000c9000000, 0x00000000c9000000|100%| O|  |TAMS 0x00000000c8f00000| PB 0x00000000c8f00000| Untracked |  0
|  68|0x00000000c9000000, 0x00000000c9000000, 0x00000000c9100000|  0%| F|  |TAMS 0x00000000c9000000| PB 0x00000000c9000000| Untracked |  0
|  69|0x00000000c9100000, 0x00000000c9200000, 0x00000000c9200000|100%| O|  |TAMS 0x00000000c9100000| PB 0x00000000c9100000| Untracked |  0
|  70|0x00000000c9200000, 0x00000000c9300000, 0x00000000c9300000|100%| O|  |TAMS 0x00000000c9200000| PB 0x00000000c9200000| Untracked |  0
|  71|0x00000000c9300000, 0x00000000c9400000, 0x00000000c9400000|100%| O|  |TAMS 0x00000000c9300000| PB 0x00000000c9300000| Untracked |  0
|  72|0x00000000c9400000, 0x00000000c9500000, 0x00000000c9500000|100%| O|Cm|TAMS 0x00000000c9400000| PB 0x00000000c9400000| Complete |  0
|  73|0x00000000c9500000, 0x00000000c9600000, 0x00000000c9600000|100%| O|Cm|TAMS 0x00000000c9500000| PB 0x00000000c9500000| Complete |  0
|  74|0x00000000c9600000, 0x00000000c9700000, 0x00000000c9700000|100%| O|Cm|TAMS 0x00000000c9600000| PB 0x00000000c9600000| Complete |  0
|  75|0x00000000c9700000, 0x00000000c9700000, 0x00000000c9800000|  0%| F|  |TAMS 0x00000000c9700000| PB 0x00000000c9700000| Untracked |  0
|  76|0x00000000c9800000, 0x00000000c9900000, 0x00000000c9900000|100%| O|Cm|TAMS 0x00000000c9800000| PB 0x00000000c9800000| Complete |  0
|  77|0x00000000c9900000, 0x00000000c9a00000, 0x00000000c9a00000|100%| O|Cm|TAMS 0x00000000c9900000| PB 0x00000000c9900000| Complete |  0
|  78|0x00000000c9a00000, 0x00000000c9b00000, 0x00000000c9b00000|100%| O|Cm|TAMS 0x00000000c9a00000| PB 0x00000000c9a00000| Complete |  0
|  79|0x00000000c9b00000, 0x00000000c9c00000, 0x00000000c9c00000|100%| O|  |TAMS 0x00000000c9b00000| PB 0x00000000c9b00000| Untracked |  0
|  80|0x00000000c9c00000, 0x00000000c9d00000, 0x00000000c9d00000|100%| O|  |TAMS 0x00000000c9c00000| PB 0x00000000c9c00000| Untracked |  0
|  81|0x00000000c9d00000, 0x00000000c9e00000, 0x00000000c9e00000|100%| O|  |TAMS 0x00000000c9d00000| PB 0x00000000c9d00000| Untracked |  0
|  82|0x00000000c9e00000, 0x00000000c9f00000, 0x00000000c9f00000|100%| O|  |TAMS 0x00000000c9e00000| PB 0x00000000c9e00000| Untracked |  0
|  83|0x00000000c9f00000, 0x00000000ca000000, 0x00000000ca000000|100%| O|  |TAMS 0x00000000c9f00000| PB 0x00000000c9f00000| Untracked |  0
|  84|0x00000000ca000000, 0x00000000ca100000, 0x00000000ca100000|100%| O|  |TAMS 0x00000000ca000000| PB 0x00000000ca000000| Untracked |  0
|  85|0x00000000ca100000, 0x00000000ca200000, 0x00000000ca200000|100%| O|Cm|TAMS 0x00000000ca100000| PB 0x00000000ca100000| Complete |  0
|  86|0x00000000ca200000, 0x00000000ca29f588, 0x00000000ca300000| 62%| O|  |TAMS 0x00000000ca200000| PB 0x00000000ca200000| Untracked |  0
|  87|0x00000000ca300000, 0x00000000ca300000, 0x00000000ca400000|  0%| F|  |TAMS 0x00000000ca300000| PB 0x00000000ca300000| Untracked |  0
|  88|0x00000000ca400000, 0x00000000ca400000, 0x00000000ca500000|  0%| F|  |TAMS 0x00000000ca400000| PB 0x00000000ca400000| Untracked |  0
|  89|0x00000000ca500000, 0x00000000ca500000, 0x00000000ca600000|  0%| F|  |TAMS 0x00000000ca500000| PB 0x00000000ca500000| Untracked |  0
|  90|0x00000000ca600000, 0x00000000ca600000, 0x00000000ca700000|  0%| F|  |TAMS 0x00000000ca600000| PB 0x00000000ca600000| Untracked |  0
|  91|0x00000000ca700000, 0x00000000ca800000, 0x00000000ca800000|100%| O|Cm|TAMS 0x00000000ca700000| PB 0x00000000ca700000| Complete |  0
|  92|0x00000000ca800000, 0x00000000ca800000, 0x00000000ca900000|  0%| F|  |TAMS 0x00000000ca800000| PB 0x00000000ca800000| Untracked |  0
|  93|0x00000000ca900000, 0x00000000ca900000, 0x00000000caa00000|  0%| F|  |TAMS 0x00000000ca900000| PB 0x00000000ca900000| Untracked |  0
|  94|0x00000000caa00000, 0x00000000caa00000, 0x00000000cab00000|  0%| F|  |TAMS 0x00000000caa00000| PB 0x00000000caa00000| Untracked |  0
|  95|0x00000000cab00000, 0x00000000cab00000, 0x00000000cac00000|  0%| F|  |TAMS 0x00000000cab00000| PB 0x00000000cab00000| Untracked |  0
|  96|0x00000000cac00000, 0x00000000cac00000, 0x00000000cad00000|  0%| F|  |TAMS 0x00000000cac00000| PB 0x00000000cac00000| Untracked |  0
|  97|0x00000000cad00000, 0x00000000cad00000, 0x00000000cae00000|  0%| F|  |TAMS 0x00000000cad00000| PB 0x00000000cad00000| Untracked |  0
|  98|0x00000000cae00000, 0x00000000cae00000, 0x00000000caf00000|  0%| F|  |TAMS 0x00000000cae00000| PB 0x00000000cae00000| Untracked |  0
|  99|0x00000000caf00000, 0x00000000caf00000, 0x00000000cb000000|  0%| F|  |TAMS 0x00000000caf00000| PB 0x00000000caf00000| Untracked |  0
| 100|0x00000000cb000000, 0x00000000cb000000, 0x00000000cb100000|  0%| F|  |TAMS 0x00000000cb000000| PB 0x00000000cb000000| Untracked |  0
| 101|0x00000000cb100000, 0x00000000cb200000, 0x00000000cb200000|100%| O|Cm|TAMS 0x00000000cb100000| PB 0x00000000cb100000| Complete |  0
| 102|0x00000000cb200000, 0x00000000cb200000, 0x00000000cb300000|  0%| F|  |TAMS 0x00000000cb200000| PB 0x00000000cb200000| Untracked |  0
| 103|0x00000000cb300000, 0x00000000cb400000, 0x00000000cb400000|100%| O|  |TAMS 0x00000000cb300000| PB 0x00000000cb300000| Untracked |  0
| 104|0x00000000cb400000, 0x00000000cb500000, 0x00000000cb500000|100%| O|  |TAMS 0x00000000cb400000| PB 0x00000000cb400000| Untracked |  0
| 105|0x00000000cb500000, 0x00000000cb600000, 0x00000000cb600000|100%| O|  |TAMS 0x00000000cb500000| PB 0x00000000cb500000| Untracked |  0
| 106|0x00000000cb600000, 0x00000000cb700000, 0x00000000cb700000|100%| O|  |TAMS 0x00000000cb600000| PB 0x00000000cb600000| Untracked |  0
| 107|0x00000000cb700000, 0x00000000cb800000, 0x00000000cb800000|100%| O|Cm|TAMS 0x00000000cb700000| PB 0x00000000cb700000| Complete |  0
| 108|0x00000000cb800000, 0x00000000cb900000, 0x00000000cb900000|100%| O|  |TAMS 0x00000000cb800000| PB 0x00000000cb800000| Untracked |  0
| 109|0x00000000cb900000, 0x00000000cba00000, 0x00000000cba00000|100%| O|  |TAMS 0x00000000cb900000| PB 0x00000000cb900000| Untracked |  0
| 110|0x00000000cba00000, 0x00000000cba00000, 0x00000000cbb00000|  0%| F|  |TAMS 0x00000000cba00000| PB 0x00000000cba00000| Untracked |  0
| 111|0x00000000cbb00000, 0x00000000cbc00000, 0x00000000cbc00000|100%| O|Cm|TAMS 0x00000000cbb00000| PB 0x00000000cbb00000| Complete |  0
| 112|0x00000000cbc00000, 0x00000000cbc00000, 0x00000000cbd00000|  0%| F|  |TAMS 0x00000000cbc00000| PB 0x00000000cbc00000| Untracked |  0
| 113|0x00000000cbd00000, 0x00000000cbe00000, 0x00000000cbe00000|100%| O|Cm|TAMS 0x00000000cbd00000| PB 0x00000000cbd00000| Complete |  0
| 114|0x00000000cbe00000, 0x00000000cbe00000, 0x00000000cbf00000|  0%| F|  |TAMS 0x00000000cbe00000| PB 0x00000000cbe00000| Untracked |  0
| 115|0x00000000cbf00000, 0x00000000cbf00000, 0x00000000cc000000|  0%| F|  |TAMS 0x00000000cbf00000| PB 0x00000000cbf00000| Untracked |  0
| 116|0x00000000cc000000, 0x00000000cc000000, 0x00000000cc100000|  0%| F|  |TAMS 0x00000000cc000000| PB 0x00000000cc000000| Untracked |  0
| 117|0x00000000cc100000, 0x00000000cc200000, 0x00000000cc200000|100%| O|Cm|TAMS 0x00000000cc100000| PB 0x00000000cc100000| Complete |  0
| 118|0x00000000cc200000, 0x00000000cc300000, 0x00000000cc300000|100%| O|Cm|TAMS 0x00000000cc200000| PB 0x00000000cc200000| Complete |  0
| 119|0x00000000cc300000, 0x00000000cc300000, 0x00000000cc400000|  0%| F|  |TAMS 0x00000000cc300000| PB 0x00000000cc300000| Untracked |  0
| 120|0x00000000cc400000, 0x00000000cc400000, 0x00000000cc500000|  0%| F|  |TAMS 0x00000000cc400000| PB 0x00000000cc400000| Untracked |  0
| 121|0x00000000cc500000, 0x00000000cc500000, 0x00000000cc600000|  0%| F|  |TAMS 0x00000000cc500000| PB 0x00000000cc500000| Untracked |  0
| 122|0x00000000cc600000, 0x00000000cc700000, 0x00000000cc700000|100%| O|Cm|TAMS 0x00000000cc600000| PB 0x00000000cc600000| Complete |  0
| 123|0x00000000cc700000, 0x00000000cc700000, 0x00000000cc800000|  0%| F|  |TAMS 0x00000000cc700000| PB 0x00000000cc700000| Untracked |  0
| 124|0x00000000cc800000, 0x00000000cc800000, 0x00000000cc900000|  0%| F|  |TAMS 0x00000000cc800000| PB 0x00000000cc800000| Untracked |  0
| 125|0x00000000cc900000, 0x00000000cc900000, 0x00000000cca00000|  0%| F|  |TAMS 0x00000000cc900000| PB 0x00000000cc900000| Untracked |  0
| 126|0x00000000cca00000, 0x00000000cca00000, 0x00000000ccb00000|  0%| F|  |TAMS 0x00000000cca00000| PB 0x00000000cca00000| Untracked |  0
| 127|0x00000000ccb00000, 0x00000000ccb00000, 0x00000000ccc00000|  0%| F|  |TAMS 0x00000000ccb00000| PB 0x00000000ccb00000| Untracked |  0
| 128|0x00000000ccc00000, 0x00000000ccc00000, 0x00000000ccd00000|  0%| F|  |TAMS 0x00000000ccc00000| PB 0x00000000ccc00000| Untracked |  0
| 129|0x00000000ccd00000, 0x00000000ccd00000, 0x00000000cce00000|  0%| F|  |TAMS 0x00000000ccd00000| PB 0x00000000ccd00000| Untracked |  0
| 130|0x00000000cce00000, 0x00000000cce00000, 0x00000000ccf00000|  0%| F|  |TAMS 0x00000000cce00000| PB 0x00000000cce00000| Untracked |  0
| 131|0x00000000ccf00000, 0x00000000ccf00000, 0x00000000cd000000|  0%| F|  |TAMS 0x00000000ccf00000| PB 0x00000000ccf00000| Untracked |  0
| 132|0x00000000cd000000, 0x00000000cd000000, 0x00000000cd100000|  0%| F|  |TAMS 0x00000000cd000000| PB 0x00000000cd000000| Untracked |  0
| 133|0x00000000cd100000, 0x00000000cd100000, 0x00000000cd200000|  0%| F|  |TAMS 0x00000000cd100000| PB 0x00000000cd100000| Untracked |  0
| 134|0x00000000cd200000, 0x00000000cd200000, 0x00000000cd300000|  0%| F|  |TAMS 0x00000000cd200000| PB 0x00000000cd200000| Untracked |  0
| 135|0x00000000cd300000, 0x00000000cd300000, 0x00000000cd400000|  0%| F|  |TAMS 0x00000000cd300000| PB 0x00000000cd300000| Untracked |  0
| 136|0x00000000cd400000, 0x00000000cd400000, 0x00000000cd500000|  0%| F|  |TAMS 0x00000000cd400000| PB 0x00000000cd400000| Untracked |  0
| 137|0x00000000cd500000, 0x00000000cd500000, 0x00000000cd600000|  0%| F|  |TAMS 0x00000000cd500000| PB 0x00000000cd500000| Untracked |  0
| 138|0x00000000cd600000, 0x00000000cd600000, 0x00000000cd700000|  0%| F|  |TAMS 0x00000000cd600000| PB 0x00000000cd600000| Untracked |  0
| 139|0x00000000cd700000, 0x00000000cd700000, 0x00000000cd800000|  0%| F|  |TAMS 0x00000000cd700000| PB 0x00000000cd700000| Untracked |  0
| 140|0x00000000cd800000, 0x00000000cd800000, 0x00000000cd900000|  0%| F|  |TAMS 0x00000000cd800000| PB 0x00000000cd800000| Untracked |  0
| 141|0x00000000cd900000, 0x00000000cd900000, 0x00000000cda00000|  0%| F|  |TAMS 0x00000000cd900000| PB 0x00000000cd900000| Untracked |  0
| 142|0x00000000cda00000, 0x00000000cda00000, 0x00000000cdb00000|  0%| F|  |TAMS 0x00000000cda00000| PB 0x00000000cda00000| Untracked |  0
| 143|0x00000000cdb00000, 0x00000000cdb00000, 0x00000000cdc00000|  0%| F|  |TAMS 0x00000000cdb00000| PB 0x00000000cdb00000| Untracked |  0
| 144|0x00000000cdc00000, 0x00000000cdc00000, 0x00000000cdd00000|  0%| F|  |TAMS 0x00000000cdc00000| PB 0x00000000cdc00000| Untracked |  0
| 145|0x00000000cdd00000, 0x00000000cdd00000, 0x00000000cde00000|  0%| F|  |TAMS 0x00000000cdd00000| PB 0x00000000cdd00000| Untracked |  0
| 146|0x00000000cde00000, 0x00000000cde00000, 0x00000000cdf00000|  0%| F|  |TAMS 0x00000000cde00000| PB 0x00000000cde00000| Untracked |  0
| 147|0x00000000cdf00000, 0x00000000cdf00000, 0x00000000ce000000|  0%| F|  |TAMS 0x00000000cdf00000| PB 0x00000000cdf00000| Untracked |  0
| 148|0x00000000ce000000, 0x00000000ce000000, 0x00000000ce100000|  0%| F|  |TAMS 0x00000000ce000000| PB 0x00000000ce000000| Untracked |  0
| 149|0x00000000ce100000, 0x00000000ce100000, 0x00000000ce200000|  0%| F|  |TAMS 0x00000000ce100000| PB 0x00000000ce100000| Untracked |  0
| 150|0x00000000ce200000, 0x00000000ce200000, 0x00000000ce300000|  0%| F|  |TAMS 0x00000000ce200000| PB 0x00000000ce200000| Untracked |  0
| 151|0x00000000ce300000, 0x00000000ce300000, 0x00000000ce400000|  0%| F|  |TAMS 0x00000000ce300000| PB 0x00000000ce300000| Untracked |  0
| 152|0x00000000ce400000, 0x00000000ce400000, 0x00000000ce500000|  0%| F|  |TAMS 0x00000000ce400000| PB 0x00000000ce400000| Untracked |  0
| 153|0x00000000ce500000, 0x00000000ce500000, 0x00000000ce600000|  0%| F|  |TAMS 0x00000000ce500000| PB 0x00000000ce500000| Untracked |  0
| 154|0x00000000ce600000, 0x00000000ce600000, 0x00000000ce700000|  0%| F|  |TAMS 0x00000000ce600000| PB 0x00000000ce600000| Untracked |  0
| 155|0x00000000ce700000, 0x00000000ce700000, 0x00000000ce800000|  0%| F|  |TAMS 0x00000000ce700000| PB 0x00000000ce700000| Untracked |  0
| 156|0x00000000ce800000, 0x00000000ce800000, 0x00000000ce900000|  0%| F|  |TAMS 0x00000000ce800000| PB 0x00000000ce800000| Untracked |  0
| 157|0x00000000ce900000, 0x00000000ce900000, 0x00000000cea00000|  0%| F|  |TAMS 0x00000000ce900000| PB 0x00000000ce900000| Untracked |  0
| 158|0x00000000cea00000, 0x00000000cea00000, 0x00000000ceb00000|  0%| F|  |TAMS 0x00000000cea00000| PB 0x00000000cea00000| Untracked |  0
| 159|0x00000000ceb00000, 0x00000000ceb00000, 0x00000000cec00000|  0%| F|  |TAMS 0x00000000ceb00000| PB 0x00000000ceb00000| Untracked |  0
| 160|0x00000000cec00000, 0x00000000cec00000, 0x00000000ced00000|  0%| F|  |TAMS 0x00000000cec00000| PB 0x00000000cec00000| Untracked |  0
| 161|0x00000000ced00000, 0x00000000ced00000, 0x00000000cee00000|  0%| F|  |TAMS 0x00000000ced00000| PB 0x00000000ced00000| Untracked |  0
| 162|0x00000000cee00000, 0x00000000cee00000, 0x00000000cef00000|  0%| F|  |TAMS 0x00000000cee00000| PB 0x00000000cee00000| Untracked |  0
| 163|0x00000000cef00000, 0x00000000cef00000, 0x00000000cf000000|  0%| F|  |TAMS 0x00000000cef00000| PB 0x00000000cef00000| Untracked |  0
| 164|0x00000000cf000000, 0x00000000cf000000, 0x00000000cf100000|  0%| F|  |TAMS 0x00000000cf000000| PB 0x00000000cf000000| Untracked |  0
| 165|0x00000000cf100000, 0x00000000cf100000, 0x00000000cf200000|  0%| F|  |TAMS 0x00000000cf100000| PB 0x00000000cf100000| Untracked |  0
| 166|0x00000000cf200000, 0x00000000cf200000, 0x00000000cf300000|  0%| F|  |TAMS 0x00000000cf200000| PB 0x00000000cf200000| Untracked |  0
| 167|0x00000000cf300000, 0x00000000cf300000, 0x00000000cf400000|  0%| F|  |TAMS 0x00000000cf300000| PB 0x00000000cf300000| Untracked |  0
| 168|0x00000000cf400000, 0x00000000cf400000, 0x00000000cf500000|  0%| F|  |TAMS 0x00000000cf400000| PB 0x00000000cf400000| Untracked |  0
| 169|0x00000000cf500000, 0x00000000cf500000, 0x00000000cf600000|  0%| F|  |TAMS 0x00000000cf500000| PB 0x00000000cf500000| Untracked |  0
| 170|0x00000000cf600000, 0x00000000cf600000, 0x00000000cf700000|  0%| F|  |TAMS 0x00000000cf600000| PB 0x00000000cf600000| Untracked |  0
| 171|0x00000000cf700000, 0x00000000cf700000, 0x00000000cf800000|  0%| F|  |TAMS 0x00000000cf700000| PB 0x00000000cf700000| Untracked |  0
| 172|0x00000000cf800000, 0x00000000cf800000, 0x00000000cf900000|  0%| F|  |TAMS 0x00000000cf800000| PB 0x00000000cf800000| Untracked |  0
| 173|0x00000000cf900000, 0x00000000cf900000, 0x00000000cfa00000|  0%| F|  |TAMS 0x00000000cf900000| PB 0x00000000cf900000| Untracked |  0
| 174|0x00000000cfa00000, 0x00000000cfa00000, 0x00000000cfb00000|  0%| F|  |TAMS 0x00000000cfa00000| PB 0x00000000cfa00000| Untracked |  0
| 175|0x00000000cfb00000, 0x00000000cfb00000, 0x00000000cfc00000|  0%| F|  |TAMS 0x00000000cfb00000| PB 0x00000000cfb00000| Untracked |  0
| 176|0x00000000cfc00000, 0x00000000cfc00000, 0x00000000cfd00000|  0%| F|  |TAMS 0x00000000cfc00000| PB 0x00000000cfc00000| Untracked |  0
| 177|0x00000000cfd00000, 0x00000000cfd00000, 0x00000000cfe00000|  0%| F|  |TAMS 0x00000000cfd00000| PB 0x00000000cfd00000| Untracked |  0
| 178|0x00000000cfe00000, 0x00000000cfe00000, 0x00000000cff00000|  0%| F|  |TAMS 0x00000000cfe00000| PB 0x00000000cfe00000| Untracked |  0
| 179|0x00000000cff00000, 0x00000000cff00000, 0x00000000d0000000|  0%| F|  |TAMS 0x00000000cff00000| PB 0x00000000cff00000| Untracked |  0
| 180|0x00000000d0000000, 0x00000000d0000000, 0x00000000d0100000|  0%| F|  |TAMS 0x00000000d0000000| PB 0x00000000d0000000| Untracked |  0
| 181|0x00000000d0100000, 0x00000000d0100000, 0x00000000d0200000|  0%| F|  |TAMS 0x00000000d0100000| PB 0x00000000d0100000| Untracked |  0
| 182|0x00000000d0200000, 0x00000000d0200000, 0x00000000d0300000|  0%| F|  |TAMS 0x00000000d0200000| PB 0x00000000d0200000| Untracked |  0
| 183|0x00000000d0300000, 0x00000000d0300000, 0x00000000d0400000|  0%| F|  |TAMS 0x00000000d0300000| PB 0x00000000d0300000| Untracked |  0
| 184|0x00000000d0400000, 0x00000000d0400000, 0x00000000d0500000|  0%| F|  |TAMS 0x00000000d0400000| PB 0x00000000d0400000| Untracked |  0
| 185|0x00000000d0500000, 0x00000000d0500000, 0x00000000d0600000|  0%| F|  |TAMS 0x00000000d0500000| PB 0x00000000d0500000| Untracked |  0
| 186|0x00000000d0600000, 0x00000000d0600000, 0x00000000d0700000|  0%| F|  |TAMS 0x00000000d0600000| PB 0x00000000d0600000| Untracked |  0
| 187|0x00000000d0700000, 0x00000000d0700000, 0x00000000d0800000|  0%| F|  |TAMS 0x00000000d0700000| PB 0x00000000d0700000| Untracked |  0
| 188|0x00000000d0800000, 0x00000000d0800000, 0x00000000d0900000|  0%| F|  |TAMS 0x00000000d0800000| PB 0x00000000d0800000| Untracked |  0
| 189|0x00000000d0900000, 0x00000000d0900000, 0x00000000d0a00000|  0%| F|  |TAMS 0x00000000d0900000| PB 0x00000000d0900000| Untracked |  0
| 190|0x00000000d0a00000, 0x00000000d0a00000, 0x00000000d0b00000|  0%| F|  |TAMS 0x00000000d0a00000| PB 0x00000000d0a00000| Untracked |  0
| 191|0x00000000d0b00000, 0x00000000d0b00000, 0x00000000d0c00000|  0%| F|  |TAMS 0x00000000d0b00000| PB 0x00000000d0b00000| Untracked |  0
| 192|0x00000000d0c00000, 0x00000000d0c00000, 0x00000000d0d00000|  0%| F|  |TAMS 0x00000000d0c00000| PB 0x00000000d0c00000| Untracked |  0
| 193|0x00000000d0d00000, 0x00000000d0d00000, 0x00000000d0e00000|  0%| F|  |TAMS 0x00000000d0d00000| PB 0x00000000d0d00000| Untracked |  0
| 194|0x00000000d0e00000, 0x00000000d0e00000, 0x00000000d0f00000|  0%| F|  |TAMS 0x00000000d0e00000| PB 0x00000000d0e00000| Untracked |  0
| 195|0x00000000d0f00000, 0x00000000d0f00000, 0x00000000d1000000|  0%| F|  |TAMS 0x00000000d0f00000| PB 0x00000000d0f00000| Untracked |  0
| 196|0x00000000d1000000, 0x00000000d10838e0, 0x00000000d1100000| 51%| S|CS|TAMS 0x00000000d1000000| PB 0x00000000d1000000| Complete |  0
| 197|0x00000000d1100000, 0x00000000d1200000, 0x00000000d1200000|100%| S|CS|TAMS 0x00000000d1100000| PB 0x00000000d1100000| Complete |  0
| 198|0x00000000d1200000, 0x00000000d1300000, 0x00000000d1300000|100%| S|CS|TAMS 0x00000000d1200000| PB 0x00000000d1200000| Complete |  0
| 199|0x00000000d1300000, 0x00000000d1400000, 0x00000000d1400000|100%| S|CS|TAMS 0x00000000d1300000| PB 0x00000000d1300000| Complete |  0
| 200|0x00000000d1400000, 0x00000000d1400000, 0x00000000d1500000|  0%| F|  |TAMS 0x00000000d1400000| PB 0x00000000d1400000| Untracked |  0
| 201|0x00000000d1500000, 0x00000000d1500000, 0x00000000d1600000|  0%| F|  |TAMS 0x00000000d1500000| PB 0x00000000d1500000| Untracked |  0
| 202|0x00000000d1600000, 0x00000000d1600000, 0x00000000d1700000|  0%| F|  |TAMS 0x00000000d1600000| PB 0x00000000d1600000| Untracked |  0
| 203|0x00000000d1700000, 0x00000000d1700000, 0x00000000d1800000|  0%| F|  |TAMS 0x00000000d1700000| PB 0x00000000d1700000| Untracked |  0
| 204|0x00000000d1800000, 0x00000000d1800000, 0x00000000d1900000|  0%| F|  |TAMS 0x00000000d1800000| PB 0x00000000d1800000| Untracked |  0
| 205|0x00000000d1900000, 0x00000000d1900000, 0x00000000d1a00000|  0%| F|  |TAMS 0x00000000d1900000| PB 0x00000000d1900000| Untracked |  0
| 206|0x00000000d1a00000, 0x00000000d1a00000, 0x00000000d1b00000|  0%| F|  |TAMS 0x00000000d1a00000| PB 0x00000000d1a00000| Untracked |  0
| 207|0x00000000d1b00000, 0x00000000d1b00000, 0x00000000d1c00000|  0%| F|  |TAMS 0x00000000d1b00000| PB 0x00000000d1b00000| Untracked |  0
| 208|0x00000000d1c00000, 0x00000000d1c00000, 0x00000000d1d00000|  0%| F|  |TAMS 0x00000000d1c00000| PB 0x00000000d1c00000| Untracked |  0
| 209|0x00000000d1d00000, 0x00000000d1d00000, 0x00000000d1e00000|  0%| F|  |TAMS 0x00000000d1d00000| PB 0x00000000d1d00000| Untracked |  0
| 210|0x00000000d1e00000, 0x00000000d1e00000, 0x00000000d1f00000|  0%| F|  |TAMS 0x00000000d1e00000| PB 0x00000000d1e00000| Untracked |  0
| 211|0x00000000d1f00000, 0x00000000d1f00000, 0x00000000d2000000|  0%| F|  |TAMS 0x00000000d1f00000| PB 0x00000000d1f00000| Untracked |  0
| 212|0x00000000d2000000, 0x00000000d2000000, 0x00000000d2100000|  0%| F|  |TAMS 0x00000000d2000000| PB 0x00000000d2000000| Untracked |  0
| 213|0x00000000d2100000, 0x00000000d2100000, 0x00000000d2200000|  0%| F|  |TAMS 0x00000000d2100000| PB 0x00000000d2100000| Untracked |  0
| 214|0x00000000d2200000, 0x00000000d2200000, 0x00000000d2300000|  0%| F|  |TAMS 0x00000000d2200000| PB 0x00000000d2200000| Untracked |  0
| 215|0x00000000d2300000, 0x00000000d2321b70, 0x00000000d2400000| 13%| E|  |TAMS 0x00000000d2300000| PB 0x00000000d2300000| Complete |  0
| 216|0x00000000d2400000, 0x00000000d2500000, 0x00000000d2500000|100%| E|CS|TAMS 0x00000000d2400000| PB 0x00000000d2400000| Complete |  0
| 217|0x00000000d2500000, 0x00000000d2600000, 0x00000000d2600000|100%| E|CS|TAMS 0x00000000d2500000| PB 0x00000000d2500000| Complete |  0
| 218|0x00000000d2600000, 0x00000000d2700000, 0x00000000d2700000|100%| E|CS|TAMS 0x00000000d2600000| PB 0x00000000d2600000| Complete |  0
| 219|0x00000000d2700000, 0x00000000d2800000, 0x00000000d2800000|100%| E|CS|TAMS 0x00000000d2700000| PB 0x00000000d2700000| Complete |  0
| 220|0x00000000d2800000, 0x00000000d2900000, 0x00000000d2900000|100%| E|CS|TAMS 0x00000000d2800000| PB 0x00000000d2800000| Complete |  0
| 221|0x00000000d2900000, 0x00000000d2a00000, 0x00000000d2a00000|100%| E|CS|TAMS 0x00000000d2900000| PB 0x00000000d2900000| Complete |  0
| 222|0x00000000d2a00000, 0x00000000d2b00000, 0x00000000d2b00000|100%| E|CS|TAMS 0x00000000d2a00000| PB 0x00000000d2a00000| Complete |  0
| 223|0x00000000d2b00000, 0x00000000d2c00000, 0x00000000d2c00000|100%| E|CS|TAMS 0x00000000d2b00000| PB 0x00000000d2b00000| Complete |  0
| 224|0x00000000d2c00000, 0x00000000d2d00000, 0x00000000d2d00000|100%| E|CS|TAMS 0x00000000d2c00000| PB 0x00000000d2c00000| Complete |  0
| 225|0x00000000d2d00000, 0x00000000d2e00000, 0x00000000d2e00000|100%| E|CS|TAMS 0x00000000d2d00000| PB 0x00000000d2d00000| Complete |  0
| 226|0x00000000d2e00000, 0x00000000d2f00000, 0x00000000d2f00000|100%| E|CS|TAMS 0x00000000d2e00000| PB 0x00000000d2e00000| Complete |  0
| 227|0x00000000d2f00000, 0x00000000d3000000, 0x00000000d3000000|100%| E|CS|TAMS 0x00000000d2f00000| PB 0x00000000d2f00000| Complete |  0
| 228|0x00000000d3000000, 0x00000000d3100000, 0x00000000d3100000|100%| E|CS|TAMS 0x00000000d3000000| PB 0x00000000d3000000| Complete |  0
| 229|0x00000000d3100000, 0x00000000d3200000, 0x00000000d3200000|100%| E|CS|TAMS 0x00000000d3100000| PB 0x00000000d3100000| Complete |  0
| 230|0x00000000d3200000, 0x00000000d3300000, 0x00000000d3300000|100%| E|CS|TAMS 0x00000000d3200000| PB 0x00000000d3200000| Complete |  0
| 231|0x00000000d3300000, 0x00000000d3400000, 0x00000000d3400000|100%| E|CS|TAMS 0x00000000d3300000| PB 0x00000000d3300000| Complete |  0
| 232|0x00000000d3400000, 0x00000000d3500000, 0x00000000d3500000|100%| E|CS|TAMS 0x00000000d3400000| PB 0x00000000d3400000| Complete |  0
| 233|0x00000000d3500000, 0x00000000d3600000, 0x00000000d3600000|100%| E|CS|TAMS 0x00000000d3500000| PB 0x00000000d3500000| Complete |  0
| 234|0x00000000d3600000, 0x00000000d3700000, 0x00000000d3700000|100%| E|CS|TAMS 0x00000000d3600000| PB 0x00000000d3600000| Complete |  0
| 235|0x00000000d3700000, 0x00000000d3800000, 0x00000000d3800000|100%| E|CS|TAMS 0x00000000d3700000| PB 0x00000000d3700000| Complete |  0
| 236|0x00000000d3800000, 0x00000000d3900000, 0x00000000d3900000|100%| E|CS|TAMS 0x00000000d3800000| PB 0x00000000d3800000| Complete |  0
| 237|0x00000000d3900000, 0x00000000d3a00000, 0x00000000d3a00000|100%| E|CS|TAMS 0x00000000d3900000| PB 0x00000000d3900000| Complete |  0
| 238|0x00000000d3a00000, 0x00000000d3b00000, 0x00000000d3b00000|100%| E|CS|TAMS 0x00000000d3a00000| PB 0x00000000d3a00000| Complete |  0
| 239|0x00000000d3b00000, 0x00000000d3c00000, 0x00000000d3c00000|100%| E|CS|TAMS 0x00000000d3b00000| PB 0x00000000d3b00000| Complete |  0
| 240|0x00000000d3c00000, 0x00000000d3d00000, 0x00000000d3d00000|100%| E|CS|TAMS 0x00000000d3c00000| PB 0x00000000d3c00000| Complete |  0
| 241|0x00000000d3d00000, 0x00000000d3e00000, 0x00000000d3e00000|100%| E|CS|TAMS 0x00000000d3d00000| PB 0x00000000d3d00000| Complete |  0
| 242|0x00000000d3e00000, 0x00000000d3f00000, 0x00000000d3f00000|100%| E|CS|TAMS 0x00000000d3e00000| PB 0x00000000d3e00000| Complete |  0
| 243|0x00000000d3f00000, 0x00000000d4000000, 0x00000000d4000000|100%| E|CS|TAMS 0x00000000d3f00000| PB 0x00000000d3f00000| Complete |  0
| 244|0x00000000d4000000, 0x00000000d4100000, 0x00000000d4100000|100%| E|CS|TAMS 0x00000000d4000000| PB 0x00000000d4000000| Complete |  0
| 245|0x00000000d4100000, 0x00000000d4200000, 0x00000000d4200000|100%| E|CS|TAMS 0x00000000d4100000| PB 0x00000000d4100000| Complete |  0
| 246|0x00000000d4200000, 0x00000000d4300000, 0x00000000d4300000|100%| E|CS|TAMS 0x00000000d4200000| PB 0x00000000d4200000| Complete |  0
| 247|0x00000000d4300000, 0x00000000d4400000, 0x00000000d4400000|100%| E|CS|TAMS 0x00000000d4300000| PB 0x00000000d4300000| Complete |  0
| 248|0x00000000d4400000, 0x00000000d4500000, 0x00000000d4500000|100%| E|CS|TAMS 0x00000000d4400000| PB 0x00000000d4400000| Complete |  0
| 249|0x00000000d4500000, 0x00000000d4600000, 0x00000000d4600000|100%| E|CS|TAMS 0x00000000d4500000| PB 0x00000000d4500000| Complete |  0
| 250|0x00000000d4600000, 0x00000000d4700000, 0x00000000d4700000|100%| E|CS|TAMS 0x00000000d4600000| PB 0x00000000d4600000| Complete |  0
| 251|0x00000000d4700000, 0x00000000d4800000, 0x00000000d4800000|100%| E|CS|TAMS 0x00000000d4700000| PB 0x00000000d4700000| Complete |  0
| 252|0x00000000d4800000, 0x00000000d4900000, 0x00000000d4900000|100%| E|CS|TAMS 0x00000000d4800000| PB 0x00000000d4800000| Complete |  0
| 253|0x00000000d4900000, 0x00000000d4a00000, 0x00000000d4a00000|100%| E|CS|TAMS 0x00000000d4900000| PB 0x00000000d4900000| Complete |  0
| 254|0x00000000d4a00000, 0x00000000d4b00000, 0x00000000d4b00000|100%| E|CS|TAMS 0x00000000d4a00000| PB 0x00000000d4a00000| Complete |  0
| 255|0x00000000d4b00000, 0x00000000d4c00000, 0x00000000d4c00000|100%| E|CS|TAMS 0x00000000d4b00000| PB 0x00000000d4b00000| Complete |  0
| 256|0x00000000d4c00000, 0x00000000d4d00000, 0x00000000d4d00000|100%| E|CS|TAMS 0x00000000d4c00000| PB 0x00000000d4c00000| Complete |  0
| 257|0x00000000d4d00000, 0x00000000d4e00000, 0x00000000d4e00000|100%| E|CS|TAMS 0x00000000d4d00000| PB 0x00000000d4d00000| Complete |  0
| 258|0x00000000d4e00000, 0x00000000d4f00000, 0x00000000d4f00000|100%| E|CS|TAMS 0x00000000d4e00000| PB 0x00000000d4e00000| Complete |  0
| 259|0x00000000d4f00000, 0x00000000d5000000, 0x00000000d5000000|100%| E|CS|TAMS 0x00000000d4f00000| PB 0x00000000d4f00000| Complete |  0
| 944|0x00000000ffc00000, 0x00000000ffd00000, 0x00000000ffd00000|100%| E|CS|TAMS 0x00000000ffc00000| PB 0x00000000ffc00000| Complete |  0
| 945|0x00000000ffd00000, 0x00000000ffe00000, 0x00000000ffe00000|100%| E|CS|TAMS 0x00000000ffd00000| PB 0x00000000ffd00000| Complete |  0
| 946|0x00000000ffe00000, 0x00000000fff00000, 0x00000000fff00000|100%| O|  |TAMS 0x00000000ffe00000| PB 0x00000000ffe00000| Untracked |  0
| 947|0x00000000fff00000, 0x0000000100000000, 0x0000000100000000|100%| E|CS|TAMS 0x00000000fff00000| PB 0x00000000fff00000| Complete |  0

Card table byte_map: [0x00000211f0790000,0x00000211f0970000] _byte_map_base: 0x00000211f016a000

Marking Bits: (CMBitMap*) 0x00000211d8a30370
 Bits: [0x00000211f0970000, 0x00000211f1840000)

Polling page: 0x00000211d67d0000

Metaspace:

Usage:
  Non-class:     73.84 MB used.
      Class:      8.78 MB used.
       Both:     82.61 MB used.

Virtual space:
  Non-class space:      128.00 MB reserved,      74.19 MB ( 58%) committed,  2 nodes.
      Class space:        1.00 GB reserved,       9.19 MB ( <1%) committed,  1 nodes.
             Both:        1.12 GB reserved,      83.38 MB (  7%) committed. 

Chunk freelists:
   Non-Class:  5.30 MB
       Class:  6.91 MB
        Both:  12.21 MB

MaxMetaspaceSize: unlimited
CompressedClassSpaceSize: 1.00 GB
Initial GC threshold: 21.00 MB
Current GC threshold: 138.75 MB
CDS: on
 - commit_granule_bytes: 65536.
 - commit_granule_words: 8192.
 - virtual_space_node_default_size: 8388608.
 - enlarge_chunks_in_place: 1.
UseCompressedClassPointers 1, UseCompactObjectHeaders 0
Narrow klass pointer bits 32, Max shift 3
Narrow klass base: 0x0000021180000000, Narrow klass shift: 0
Encoding Range: [0x0000021180000000 - 0x0000021280000000), (4294967296 bytes)
Klass Range:    [0x0000021180000000 - 0x00000211c1000000), (1090519040 bytes)
Klass ID Range:  [8 - 1090519033) (1090519025)


Internal statistics:

num_allocs_failed_limit: 11.
num_arena_births: 1060.
num_arena_deaths: 272.
num_vsnodes_births: 3.
num_vsnodes_deaths: 0.
num_space_committed: 1333.
num_space_uncommitted: 0.
num_chunks_returned_to_freelist: 297.
num_chunks_taken_from_freelist: 4008.
num_chunk_merges: 69.
num_chunk_splits: 2861.
num_chunks_enlarged: 2296.
num_inconsistent_stats: 0.

CodeHeap 'non-profiled nmethods': size=120064Kb used=3022Kb max_used=3858Kb free=117041Kb
 bounds [0x00000211e8d40000, 0x00000211e9120000, 0x00000211f0280000]
CodeHeap 'profiled nmethods': size=120000Kb used=5453Kb max_used=12043Kb free=114546Kb
 bounds [0x00000211e1280000, 0x00000211e1e50000, 0x00000211e87b0000]
CodeHeap 'non-nmethods': size=5696Kb used=1835Kb max_used=1959Kb free=3860Kb
 bounds [0x00000211e87b0000, 0x00000211e8a20000, 0x00000211e8d40000]
CodeCache: size=245760Kb, used=10310Kb, max_used=17860Kb, free=235447Kb
 total_blobs=5057, nmethods=4267, adapters=692, full_count=0
Compilation: enabled, stopped_count=0, restarted_count=0

Compilation events (20 events):
Event: 3873.581 Thread 0x00000211f4278060 nmethod 12687 0x00000211e12ca008 code [0x00000211e12ca140, 0x00000211e12ca5f0]
Event: 3882.022 Thread 0x00000211f4273490 12688       4       java.util.concurrent.ScheduledThreadPoolExecutor$ScheduledFutureTask::compareTo (101 bytes)
Event: 3882.103 Thread 0x00000211f4273490 nmethod 12688 0x00000211e909ca88 code [0x00000211e909cba0, 0x00000211e909ccb0]
Event: 3883.539 Thread 0x00000211f4278060 12689   !   3       org.apache.catalina.loader.WebappLoader::backgroundProcess (68 bytes)
Event: 3883.606 Thread 0x00000211f4278060 nmethod 12689 0x00000211e161eb08 code [0x00000211e161eca0, 0x00000211e161f5c0]
Event: 3883.607 Thread 0x00000211f4278060 12692       3       org.apache.tomcat.util.collections.ManagedConcurrentWeakHashMap::maintain (44 bytes)
Event: 3883.620 Thread 0x00000211f4278060 nmethod 12692 0x00000211e146ae88 code [0x00000211e146afe0, 0x00000211e146b530]
Event: 3894.694 Thread 0x00000211f4278060 12694       3       java.util.zip.ZipFile$Source::getEntryPos (191 bytes)
Event: 3894.710 Thread 0x00000211f4273490 12695       4       java.util.ImmutableCollections$MapN::get (35 bytes)
Event: 3894.773 Thread 0x00000211f4278060 nmethod 12694 0x00000211e1733008 code [0x00000211e1733280, 0x00000211e1734458]
Event: 3894.809 Thread 0x00000211f4278060 12702 % !   3       java.util.jar.Attributes::read @ 12 (494 bytes)
Event: 3894.837 Thread 0x00000211f4273490 nmethod 12695 0x00000211e8e60108 code [0x00000211e8e60240, 0x00000211e8e60548]
Event: 3894.838 Thread 0x00000211f4273490 12699       4       java.util.jar.Manifest$FastInputStream::readLine (296 bytes)
Event: 3894.865 Thread 0x00000211f4278060 nmethod 12702% 0x00000211e1855908 code [0x00000211e1856060, 0x00000211e185b300]
Event: 3894.865 Thread 0x00000211f4278060 12705       3       java.util.jar.Attributes$Name::of (28 bytes)
Event: 3894.867 Thread 0x00000211f4278060 nmethod 12705 0x00000211e161e388 code [0x00000211e161e500, 0x00000211e161eab8]
Event: 3894.868 Thread 0x00000211f4278060 12703       3       java.util.jar.Attributes::putValue (13 bytes)
Event: 3894.869 Thread 0x00000211f4278060 nmethod 12703 0x00000211e19eb388 code [0x00000211e19eb520, 0x00000211e19ebd58]
Event: 3894.869 Thread 0x00000211f4278060 12704       3       java.util.jar.Attributes::put (18 bytes)
Event: 3894.870 Thread 0x00000211f4278060 nmethod 12704 0x00000211e19eae88 code [0x00000211e19eafc0, 0x00000211e19eb340]

GC Heap History (20 events):
Event: 2260.204 GC heap before
{Heap before GC invocations=67 (full 0):
 garbage-first heap   total reserved 970752K, committed 116736K, used 102400K [0x00000000c4c00000, 0x0000000100000000)
  region size 1024K, 13 young (13312K), 3 survivors (3072K)
 Metaspace       used 84384K, committed 85248K, reserved 1179648K
  class space    used 8984K, committed 9408K, reserved 1048576K
}
Event: 2260.225 GC heap after
{Heap after GC invocations=68 (full 0):
 garbage-first heap   total reserved 970752K, committed 116736K, used 95417K [0x00000000c4c00000, 0x0000000100000000)
  region size 1024K, 2 young (2048K), 2 survivors (2048K)
 Metaspace       used 84384K, committed 85248K, reserved 1179648K
  class space    used 8984K, committed 9408K, reserved 1048576K
}
Event: 2320.589 GC heap before
{Heap before GC invocations=69 (full 0):
 garbage-first heap   total reserved 970752K, committed 135168K, used 89273K [0x00000000c4c00000, 0x0000000100000000)
  region size 1024K, 11 young (11264K), 2 survivors (2048K)
 Metaspace       used 84400K, committed 85248K, reserved 1179648K
  class space    used 8984K, committed 9408K, reserved 1048576K
}
Event: 2320.650 GC heap after
{Heap after GC invocations=70 (full 0):
 garbage-first heap   total reserved 970752K, committed 135168K, used 84296K [0x00000000c4c00000, 0x0000000100000000)
  region size 1024K, 2 young (2048K), 2 survivors (2048K)
 Metaspace       used 84400K, committed 85248K, reserved 1179648K
  class space    used 8984K, committed 9408K, reserved 1048576K
}
Event: 2321.400 GC heap before
{Heap before GC invocations=70 (full 0):
 garbage-first heap   total reserved 970752K, committed 135168K, used 110920K [0x00000000c4c00000, 0x0000000100000000)
  region size 1024K, 28 young (28672K), 2 survivors (2048K)
 Metaspace       used 84401K, committed 85248K, reserved 1179648K
  class space    used 8984K, committed 9408K, reserved 1048576K
}
Event: 2321.468 GC heap after
{Heap after GC invocations=71 (full 0):
 garbage-first heap   total reserved 970752K, committed 135168K, used 82944K [0x00000000c4c00000, 0x0000000100000000)
  region size 1024K, 4 young (4096K), 4 survivors (4096K)
 Metaspace       used 84401K, committed 85248K, reserved 1179648K
  class space    used 8984K, committed 9408K, reserved 1048576K
}
Event: 2322.220 GC heap before
{Heap before GC invocations=71 (full 0):
 garbage-first heap   total reserved 970752K, committed 135168K, used 107520K [0x00000000c4c00000, 0x0000000100000000)
  region size 1024K, 29 young (29696K), 4 survivors (4096K)
 Metaspace       used 84409K, committed 85248K, reserved 1179648K
  class space    used 8984K, committed 9408K, reserved 1048576K
}
Event: 2322.278 GC heap after
{Heap after GC invocations=72 (full 0):
 garbage-first heap   total reserved 970752K, committed 270336K, used 83968K [0x00000000c4c00000, 0x0000000100000000)
  region size 1024K, 4 young (4096K), 4 survivors (4096K)
 Metaspace       used 84409K, committed 85248K, reserved 1179648K
  class space    used 8984K, committed 9408K, reserved 1048576K
}
Event: 2328.184 GC heap before
{Heap before GC invocations=72 (full 0):
 garbage-first heap   total reserved 970752K, committed 270336K, used 177152K [0x00000000c4c00000, 0x0000000100000000)
  region size 1024K, 96 young (98304K), 4 survivors (4096K)
 Metaspace       used 84429K, committed 85248K, reserved 1179648K
  class space    used 8985K, committed 9408K, reserved 1048576K
}
Event: 2328.284 GC heap after
{Heap after GC invocations=73 (full 0):
 garbage-first heap   total reserved 970752K, committed 270336K, used 114688K [0x00000000c4c00000, 0x0000000100000000)
  region size 1024K, 12 young (12288K), 12 survivors (12288K)
 Metaspace       used 84429K, committed 85248K, reserved 1179648K
  class space    used 8985K, committed 9408K, reserved 1048576K
}
Event: 2366.569 GC heap before
{Heap before GC invocations=73 (full 0):
 garbage-first heap   total reserved 970752K, committed 270336K, used 161792K [0x00000000c4c00000, 0x0000000100000000)
  region size 1024K, 58 young (59392K), 12 survivors (12288K)
 Metaspace       used 84471K, committed 85248K, reserved 1179648K
  class space    used 8985K, committed 9408K, reserved 1048576K
}
Event: 2367.150 GC heap after
{Heap after GC invocations=74 (full 0):
 garbage-first heap   total reserved 970752K, committed 270336K, used 135148K [0x00000000c4c00000, 0x0000000100000000)
  region size 1024K, 8 young (8192K), 8 survivors (8192K)
 Metaspace       used 84471K, committed 85248K, reserved 1179648K
  class space    used 8985K, committed 9408K, reserved 1048576K
}
Event: 2369.457 GC heap before
{Heap before GC invocations=75 (full 0):
 garbage-first heap   total reserved 970752K, committed 270336K, used 118764K [0x00000000c4c00000, 0x0000000100000000)
  region size 1024K, 20 young (20480K), 8 survivors (8192K)
 Metaspace       used 84479K, committed 85248K, reserved 1179648K
  class space    used 8985K, committed 9408K, reserved 1048576K
}
Event: 2369.521 GC heap after
{Heap after GC invocations=76 (full 0):
 garbage-first heap   total reserved 970752K, committed 270336K, used 115712K [0x00000000c4c00000, 0x0000000100000000)
  region size 1024K, 3 young (3072K), 3 survivors (3072K)
 Metaspace       used 84479K, committed 85248K, reserved 1179648K
  class space    used 8985K, committed 9408K, reserved 1048576K
}
Event: 2693.153 GC heap before
{Heap before GC invocations=76 (full 0):
 garbage-first heap   total reserved 970752K, committed 270336K, used 192512K [0x00000000c4c00000, 0x0000000100000000)
  region size 1024K, 79 young (80896K), 3 survivors (3072K)
 Metaspace       used 84524K, committed 85248K, reserved 1179648K
  class space    used 8985K, committed 9408K, reserved 1048576K
}
Event: 2693.265 GC heap after
{Heap after GC invocations=77 (full 0):
 garbage-first heap   total reserved 970752K, committed 270336K, used 112324K [0x00000000c4c00000, 0x0000000100000000)
  region size 1024K, 10 young (10240K), 10 survivors (10240K)
 Metaspace       used 84524K, committed 85248K, reserved 1179648K
  class space    used 8985K, committed 9408K, reserved 1048576K
}
Event: 2694.104 GC heap before
{Heap before GC invocations=77 (full 0):
 garbage-first heap   total reserved 970752K, committed 270336K, used 132804K [0x00000000c4c00000, 0x0000000100000000)
  region size 1024K, 31 young (31744K), 10 survivors (10240K)
 Metaspace       used 84529K, committed 85248K, reserved 1179648K
  class space    used 8985K, committed 9408K, reserved 1048576K
}
Event: 2694.154 GC heap after
{Heap after GC invocations=78 (full 0):
 garbage-first heap   total reserved 970752K, committed 270336K, used 121469K [0x00000000c4c00000, 0x0000000100000000)
  region size 1024K, 4 young (4096K), 4 survivors (4096K)
 Metaspace       used 84529K, committed 85248K, reserved 1179648K
  class space    used 8985K, committed 9408K, reserved 1048576K
}
Event: 3114.895 GC heap before
{Heap before GC invocations=79 (full 0):
 garbage-first heap   total reserved 970752K, committed 270336K, used 158333K [0x00000000c4c00000, 0x0000000100000000)
  region size 1024K, 63 young (64512K), 4 survivors (4096K)
 Metaspace       used 84533K, committed 85248K, reserved 1179648K
  class space    used 8984K, committed 9408K, reserved 1048576K
}
Event: 3114.998 GC heap after
{Heap after GC invocations=80 (full 0):
 garbage-first heap   total reserved 970752K, committed 270336K, used 97419K [0x00000000c4c00000, 0x0000000100000000)
  region size 1024K, 4 young (4096K), 4 survivors (4096K)
 Metaspace       used 84533K, committed 85248K, reserved 1179648K
  class space    used 8984K, committed 9408K, reserved 1048576K
}

Dll operation events (11 events):
Event: 0.020 Loaded shared library C:\Program Files\Java\jdk-24\bin\java.dll
Event: 0.088 Loaded shared library C:\Program Files\Java\jdk-24\bin\jsvml.dll
Event: 0.308 Loaded shared library C:\Program Files\Java\jdk-24\bin\jimage.dll
Event: 0.322 Loaded shared library C:\Program Files\Java\jdk-24\bin\net.dll
Event: 0.327 Loaded shared library C:\Program Files\Java\jdk-24\bin\nio.dll
Event: 0.333 Loaded shared library C:\Program Files\Java\jdk-24\bin\zip.dll
Event: 0.611 Loaded shared library C:\Program Files\Java\jdk-24\bin\management.dll
Event: 0.633 Loaded shared library C:\Program Files\Java\jdk-24\bin\management_ext.dll
Event: 1.253 Loaded shared library C:\Program Files\Java\jdk-24\bin\extnet.dll
Event: 4.368 Loaded shared library C:\Program Files\Java\jdk-24\bin\sunmscapi.dll
Event: 8.093 Loaded shared library C:\Program Files\Java\jdk-24\bin\verify.dll

Deoptimization events (20 events):
Event: 3763.461 Thread 0x00000211c5fec2f0 Uncommon trap: trap_request=0xffffffbe fr.pc=0x00000211e903e8e0 relative=0x00000000000001c0
Event: 3763.461 Thread 0x00000211c5fec2f0 Uncommon trap: reason=profile_predicate action=maybe_recompile pc=0x00000211e903e8e0 method=java.util.HashMap.valuesToArray([Ljava/lang/Object;)[Ljava/lang/Object; @ 48 c2
Event: 3763.462 Thread 0x00000211c5fec2f0 DEOPT PACKING pc=0x00000211e903e8e0 sp=0x000000d35e7ff090
Event: 3763.462 Thread 0x00000211c5fec2f0 DEOPT UNPACKING pc=0x00000211e88d4082 sp=0x000000d35e7ff018 mode 2
Event: 3873.516 Thread 0x00000211c5feb450 Uncommon trap: trap_request=0xffffffd6 fr.pc=0x00000211e8e60958 relative=0x00000000000002b8
Event: 3873.518 Thread 0x00000211c5feb450 Uncommon trap: reason=array_check action=maybe_recompile pc=0x00000211e8e60958 method=java.util.HashMap.valuesToArray([Ljava/lang/Object;)[Ljava/lang/Object; @ 62 c2
Event: 3873.519 Thread 0x00000211c5feb450 DEOPT PACKING pc=0x00000211e8e60958 sp=0x000000d35e6fefb0
Event: 3873.521 Thread 0x00000211c5feb450 DEOPT UNPACKING pc=0x00000211e88d4082 sp=0x000000d35e6fef28 mode 2
Event: 3873.523 Thread 0x00000211c5feb450 Uncommon trap: trap_request=0xffffffd6 fr.pc=0x00000211e8e60958 relative=0x00000000000002b8
Event: 3873.524 Thread 0x00000211c5feb450 Uncommon trap: reason=array_check action=maybe_recompile pc=0x00000211e8e60958 method=java.util.HashMap.valuesToArray([Ljava/lang/Object;)[Ljava/lang/Object; @ 62 c2
Event: 3873.524 Thread 0x00000211c5feb450 DEOPT PACKING pc=0x00000211e8e60958 sp=0x000000d35e6feee0
Event: 3873.524 Thread 0x00000211c5feb450 DEOPT UNPACKING pc=0x00000211e88d4082 sp=0x000000d35e6fee58 mode 2
Event: 3883.529 Thread 0x00000211c5fec2f0 Uncommon trap: trap_request=0xffffffd6 fr.pc=0x00000211e8e60958 relative=0x00000000000002b8
Event: 3883.530 Thread 0x00000211c5fec2f0 Uncommon trap: reason=array_check action=maybe_recompile pc=0x00000211e8e60958 method=java.util.HashMap.valuesToArray([Ljava/lang/Object;)[Ljava/lang/Object; @ 62 c2
Event: 3883.530 Thread 0x00000211c5fec2f0 DEOPT PACKING pc=0x00000211e8e60958 sp=0x000000d35e7ff160
Event: 3883.533 Thread 0x00000211c5fec2f0 DEOPT UNPACKING pc=0x00000211e88d4082 sp=0x000000d35e7ff0d8 mode 2
Event: 3883.534 Thread 0x00000211c5fec2f0 Uncommon trap: trap_request=0xffffffd6 fr.pc=0x00000211e8e60958 relative=0x00000000000002b8
Event: 3883.534 Thread 0x00000211c5fec2f0 Uncommon trap: reason=array_check action=maybe_recompile pc=0x00000211e8e60958 method=java.util.HashMap.valuesToArray([Ljava/lang/Object;)[Ljava/lang/Object; @ 62 c2
Event: 3883.534 Thread 0x00000211c5fec2f0 DEOPT PACKING pc=0x00000211e8e60958 sp=0x000000d35e7ff090
Event: 3883.534 Thread 0x00000211c5fec2f0 DEOPT UNPACKING pc=0x00000211e88d4082 sp=0x000000d35e7ff008 mode 2

Classes loaded (20 events):
Event: 63.481 Loading class java/util/ArrayList$SubList$2
Event: 63.481 Loading class java/util/ArrayList$SubList$2 done
Event: 86.724 Loading class java/util/concurrent/locks/ReentrantReadWriteLock$Sync$HoldCounter
Event: 86.749 Loading class java/util/concurrent/locks/ReentrantReadWriteLock$Sync$HoldCounter done
Event: 99.615 Loading class org/w3c/dom/Node
Event: 99.620 Loading class org/w3c/dom/Node done
Event: 99.620 Loading class org/w3c/dom/Document
Event: 99.622 Loading class org/w3c/dom/Document done
Event: 157.083 Loading class jdk/internal/math/FormattedFPDecimal
Event: 157.105 Loading class jdk/internal/math/FormattedFPDecimal done
Event: 1765.701 Loading class sun/security/ssl/Alert
Event: 1765.821 Loading class sun/security/ssl/Alert done
Event: 1765.847 Loading class sun/security/ssl/Alert$AlertConsumer
Event: 1765.882 Loading class sun/security/ssl/Alert$AlertConsumer done
Event: 1765.883 Loading class sun/security/ssl/Alert$Level
Event: 1765.890 Loading class sun/security/ssl/Alert$Level done
Event: 1765.924 Loading class sun/net/ConnectionResetException
Event: 1765.931 Loading class sun/net/ConnectionResetException done
Event: 1953.650 Loading class java/lang/invoke/MethodHandleImpl$CountingWrapper$1
Event: 1953.664 Loading class java/lang/invoke/MethodHandleImpl$CountingWrapper$1 done

Classes unloaded (20 events):
Event: 1194.718 Thread 0x00000211f4259c30 Unloading class 0x0000021181344000 'java/lang/invoke/LambdaForm$DMH+0x0000021181344000'
Event: 1194.718 Thread 0x00000211f4259c30 Unloading class 0x00000211812f8400 'java/lang/invoke/LambdaForm$DMH+0x00000211812f8400'
Event: 1194.718 Thread 0x00000211f4259c30 Unloading class 0x00000211812f8000 'java/lang/invoke/LambdaForm$DMH+0x00000211812f8000'
Event: 1194.719 Thread 0x00000211f4259c30 Unloading class 0x00000211812a5000 'java/lang/invoke/LambdaForm$DMH+0x00000211812a5000'
Event: 1194.719 Thread 0x00000211f4259c30 Unloading class 0x0000021181125000 'java/lang/invoke/LambdaForm$MH+0x0000021181125000'
Event: 1194.719 Thread 0x00000211f4259c30 Unloading class 0x0000021181124c00 'java/lang/invoke/LambdaForm$MH+0x0000021181124c00'
Event: 1194.719 Thread 0x00000211f4259c30 Unloading class 0x0000021181110000 'java/lang/invoke/LambdaForm$DMH+0x0000021181110000'
Event: 1194.719 Thread 0x00000211f4259c30 Unloading class 0x00000211810b1000 'java/lang/invoke/LambdaForm$MH+0x00000211810b1000'
Event: 1194.719 Thread 0x00000211f4259c30 Unloading class 0x00000211810b0c00 'java/lang/invoke/LambdaForm$MH+0x00000211810b0c00'
Event: 1194.719 Thread 0x00000211f4259c30 Unloading class 0x00000211810b0800 'java/lang/invoke/LambdaForm$MH+0x00000211810b0800'
Event: 1194.719 Thread 0x00000211f4259c30 Unloading class 0x00000211810a4c00 'java/lang/invoke/LambdaForm$MH+0x00000211810a4c00'
Event: 1194.720 Thread 0x00000211f4259c30 Unloading class 0x0000021181088c00 'java/lang/invoke/LambdaForm$BMH+0x0000021181088c00'
Event: 1194.720 Thread 0x00000211f4259c30 Unloading class 0x0000021181006800 'java/lang/invoke/LambdaForm$MH+0x0000021181006800'
Event: 1194.720 Thread 0x00000211f4259c30 Unloading class 0x0000021181005800 'java/lang/invoke/LambdaForm$DMH+0x0000021181005800'
Event: 1194.720 Thread 0x00000211f4259c30 Unloading class 0x0000021181005000 'java/lang/invoke/LambdaForm$DMH+0x0000021181005000'
Event: 1194.720 Thread 0x00000211f4259c30 Unloading class 0x0000021181004000 'java/lang/invoke/LambdaForm$DMH+0x0000021181004000'
Event: 1194.720 Thread 0x00000211f4259c30 Unloading class 0x0000021181003c00 'java/lang/invoke/LambdaForm$DMH+0x0000021181003c00'
Event: 2080.729 Thread 0x00000211f4259c30 Unloading class 0x000002118183c800 'java/lang/invoke/LambdaForm$MH+0x000002118183c800'
Event: 2080.729 Thread 0x00000211f4259c30 Unloading class 0x0000021181928800 'java/lang/String$$StringConcat+0x0000021181928800'
Event: 2694.571 Thread 0x00000211f4259c30 Unloading class 0x0000021181929c00 'java/lang/invoke/LambdaForm$MH+0x0000021181929c00'

Classes redefined (0 events):
No events

Internal exceptions (20 events):
Event: 1765.922 Thread 0x00000211c6c4b9c0 Exception <a 'java/io/IOException'{0x00000000ca87df28}> (0x00000000ca87df28) 
thrown [s\open\src\hotspot\share\prims\jni.cpp, line 518]
Event: 1766.558 Thread 0x00000211c6c4f440 Implicit null exception at 0x00000211e8f0162e to 0x00000211e8f01cf8
Event: 1953.518 Thread 0x00000211c8384ea0 Exception <a 'java/io/IOException'{0x00000000caaae688}: Connection reset by peer> (0x00000000caaae688) 
thrown [s\open\src\hotspot\share\prims\jni.cpp, line 536]
Event: 1953.565 Thread 0x00000211c838b500 Exception <a 'java/io/IOException'{0x00000000caabd730}: Connection reset by peer> (0x00000000caabd730) 
thrown [s\open\src\hotspot\share\prims\jni.cpp, line 536]
Event: 1953.663 Thread 0x00000211c8384ea0 Exception <a 'java/io/IOException'{0x00000000caaf1908}: Connection reset by peer> (0x00000000caaf1908) 
thrown [s\open\src\hotspot\share\prims\jni.cpp, line 536]
Event: 1953.667 Thread 0x00000211c838b500 Exception <a 'java/io/IOException'{0x00000000caadef18}: Connection reset by peer> (0x00000000caadef18) 
thrown [s\open\src\hotspot\share\prims\jni.cpp, line 536]
Event: 2326.121 Thread 0x00000211c8384ea0 Exception <a 'java/io/IOException'{0x00000000d3c4f188}: Connection reset by peer> (0x00000000d3c4f188) 
thrown [s\open\src\hotspot\share\prims\jni.cpp, line 536]
Event: 2326.121 Thread 0x00000211c8389070 Exception <a 'java/io/IOException'{0x00000000d3dee468}: Connection reset by peer> (0x00000000d3dee468) 
thrown [s\open\src\hotspot\share\prims\jni.cpp, line 536]
Event: 2326.121 Thread 0x00000211c8387a80 Exception <a 'java/io/IOException'{0x00000000d3dbd960}: Connection reset by peer> (0x00000000d3dbd960) 
thrown [s\open\src\hotspot\share\prims\jni.cpp, line 536]
Event: 2326.121 Thread 0x00000211c838b500 Exception <a 'java/io/IOException'{0x00000000d3c2f0d8}: Connection reset by peer> (0x00000000d3c2f0d8) 
thrown [s\open\src\hotspot\share\prims\jni.cpp, line 536]
Event: 2326.170 Thread 0x00000211c8387a80 Exception <a 'java/io/IOException'{0x00000000d3c72ad8}: Connection reset by peer> (0x00000000d3c72ad8) 
thrown [s\open\src\hotspot\share\prims\jni.cpp, line 536]
Event: 2326.170 Thread 0x00000211c838b500 Exception <a 'java/io/IOException'{0x00000000d3c69848}: Connection reset by peer> (0x00000000d3c69848) 
thrown [s\open\src\hotspot\share\prims\jni.cpp, line 536]
Event: 2326.170 Thread 0x00000211c8384ea0 Exception <a 'java/io/IOException'{0x00000000d3c53c08}: Connection reset by peer> (0x00000000d3c53c08) 
thrown [s\open\src\hotspot\share\prims\jni.cpp, line 536]
Event: 2326.170 Thread 0x00000211c8389070 Exception <a 'java/io/IOException'{0x00000000d3df2ee8}: Connection reset by peer> (0x00000000d3df2ee8) 
thrown [s\open\src\hotspot\share\prims\jni.cpp, line 536]
Event: 3532.841 Thread 0x00000211c6c50a30 Implicit null exception at 0x00000211e8f204f6 to 0x00000211e8f215a4
Event: 3532.879 Thread 0x00000211c6c50a30 Implicit null exception at 0x00000211e8f204f6 to 0x00000211e8f215a4
Event: 3532.881 Thread 0x00000211c6c50a30 Implicit null exception at 0x00000211e8f204f6 to 0x00000211e8f215a4
Event: 3532.884 Thread 0x00000211c6c50a30 Implicit null exception at 0x00000211e8f204f6 to 0x00000211e8f215a4
Event: 3576.329 Thread 0x00000211c6c4c110 Exception <a 'java/io/IOException'{0x00000000d3759db8}> (0x00000000d3759db8) 
thrown [s\open\src\hotspot\share\prims\jni.cpp, line 518]
Event: 3576.342 Thread 0x00000211c6c4c110 Exception <a 'java/io/IOException'{0x00000000d375ad28}> (0x00000000d375ad28) 
thrown [s\open\src\hotspot\share\prims\jni.cpp, line 518]

VM Operations (20 events):
Event: 2405.687 Executing VM operation: RendezvousGCThreads
Event: 2405.687 Executing VM operation: RendezvousGCThreads done
Event: 2693.149 Executing VM operation: G1CollectForAllocation (G1 Evacuation Pause)
Event: 2693.266 Executing VM operation: G1CollectForAllocation (G1 Evacuation Pause) done
Event: 2694.051 Executing VM operation: G1CollectForAllocation (G1 Evacuation Pause)
Event: 2694.154 Executing VM operation: G1CollectForAllocation (G1 Evacuation Pause) done
Event: 2694.568 Executing VM operation: G1PauseRemark
Event: 2694.898 Executing VM operation: G1PauseRemark done
Event: 2695.023 Executing VM operation: G1PauseCleanup
Event: 2695.027 Executing VM operation: G1PauseCleanup done
Event: 2706.291 Executing VM operation: HandshakeAllThreads (HandshakeForDeflation)
Event: 2706.334 Executing VM operation: HandshakeAllThreads (HandshakeForDeflation) done
Event: 2706.334 Executing VM operation: RendezvousGCThreads
Event: 2706.334 Executing VM operation: RendezvousGCThreads done
Event: 2766.337 Executing VM operation: HandshakeAllThreads (HandshakeForDeflation)
Event: 2766.340 Executing VM operation: HandshakeAllThreads (HandshakeForDeflation) done
Event: 2766.340 Executing VM operation: RendezvousGCThreads
Event: 2766.340 Executing VM operation: RendezvousGCThreads done
Event: 3114.884 Executing VM operation: G1CollectForAllocation (G1 Evacuation Pause)
Event: 3114.999 Executing VM operation: G1CollectForAllocation (G1 Evacuation Pause) done

Memory protections (0 events):
No events

Nmethod flushes (20 events):
Event: 2694.891 Thread 0x00000211f4259c30 flushing  nmethod 0x00000211e19d3108
Event: 2694.891 Thread 0x00000211f4259c30 flushing osr nmethod 0x00000211e19d4508
Event: 2694.891 Thread 0x00000211f4259c30 flushing  nmethod 0x00000211e19d4988
Event: 2694.891 Thread 0x00000211f4259c30 flushing  nmethod 0x00000211e19d5408
Event: 2694.891 Thread 0x00000211f4259c30 flushing  nmethod 0x00000211e19d5808
Event: 2694.891 Thread 0x00000211f4259c30 flushing  nmethod 0x00000211e1b6ad08
Event: 2694.891 Thread 0x00000211f4259c30 flushing  nmethod 0x00000211e1b8b088
Event: 2694.891 Thread 0x00000211f4259c30 flushing  nmethod 0x00000211e1b93188
Event: 2694.891 Thread 0x00000211f4259c30 flushing  nmethod 0x00000211e1b93508
Event: 2694.891 Thread 0x00000211f4259c30 flushing  nmethod 0x00000211e1b97808
Event: 2694.891 Thread 0x00000211f4259c30 flushing  nmethod 0x00000211e1c24988
Event: 2694.891 Thread 0x00000211f4259c30 flushing  nmethod 0x00000211e1c24f88
Event: 2694.891 Thread 0x00000211f4259c30 flushing  nmethod 0x00000211e1c26708
Event: 2694.891 Thread 0x00000211f4259c30 flushing  nmethod 0x00000211e1c26a08
Event: 2694.891 Thread 0x00000211f4259c30 flushing  nmethod 0x00000211e1d3fe88
Event: 2694.891 Thread 0x00000211f4259c30 flushing  nmethod 0x00000211e1d58208
Event: 2694.891 Thread 0x00000211f4259c30 flushing  nmethod 0x00000211e1d7d208
Event: 2694.891 Thread 0x00000211f4259c30 flushing  nmethod 0x00000211e1d7d908
Event: 2694.891 Thread 0x00000211f4259c30 flushing  nmethod 0x00000211e1db9a88
Event: 2694.891 Thread 0x00000211f4259c30 flushing  nmethod 0x00000211e1dbb388

Events (20 events):
Event: 3554.786 Thread 0x00000211c5fead00 Thread added: 0x00000211c6c4c110
Event: 3554.793 Thread 0x00000211c6c4c110 Thread added: 0x00000211c6c52770
Event: 3559.794 Thread 0x00000211c6c4c110 Thread exited: 0x00000211c6c4c110
Event: 3559.867 Thread 0x00000211c6c52770 Thread exited: 0x00000211c6c52770
Event: 3567.833 Thread 0x00000211c5fead00 Thread added: 0x00000211c6c4c110
Event: 3567.848 Thread 0x00000211c6c4c110 Thread added: 0x00000211c6c52020
Event: 3573.882 Thread 0x00000211c6c4c110 Thread exited: 0x00000211c6c4c110
Event: 3573.994 Thread 0x00000211c6c52020 Thread exited: 0x00000211c6c52020
Event: 3574.517 Thread 0x00000211c5fead00 Thread added: 0x00000211c6c4c110
Event: 3574.526 Thread 0x00000211c6c4c110 Thread added: 0x00000211c6c51180
Event: 3581.351 Thread 0x00000211c6c4c110 Thread exited: 0x00000211c6c4c110
Event: 3581.413 Thread 0x00000211c6c51180 Thread exited: 0x00000211c6c51180
Event: 3588.454 Thread 0x00000211c5fead00 Thread added: 0x00000211c6c4c110
Event: 3588.511 Thread 0x00000211c6c4c110 Thread added: 0x00000211c6c502e0
Event: 3594.916 Thread 0x00000211c6c4c110 Thread exited: 0x00000211c6c4c110
Event: 3595.066 Thread 0x00000211c6c502e0 Thread exited: 0x00000211c6c502e0
Event: 3598.045 Thread 0x00000211c5fead00 Thread added: 0x00000211c6c4c110
Event: 3598.056 Thread 0x00000211c6c4c110 Thread added: 0x00000211c6c518d0
Event: 3603.057 Thread 0x00000211c6c4c110 Thread exited: 0x00000211c6c4c110
Event: 3603.140 Thread 0x00000211c6c518d0 Thread exited: 0x00000211c6c518d0


Dynamic libraries:
0x00007ff73ce20000 - 0x00007ff73ce30000 	C:\Program Files\Java\jdk-24\bin\java.exe
0x00007ffc79d40000 - 0x00007ffc79fa6000 	C:\WINDOWS\SYSTEM32\ntdll.dll
0x00007ffc79310000 - 0x00007ffc793d9000 	C:\WINDOWS\System32\KERNEL32.DLL
0x00007ffc76ed0000 - 0x00007ffc7729c000 	C:\WINDOWS\System32\KERNELBASE.dll
0x00007ffc77570000 - 0x00007ffc776bb000 	C:\WINDOWS\System32\ucrtbase.dll
0x00007ffc56cf0000 - 0x00007ffc56d0b000 	C:\Program Files\Java\jdk-24\bin\VCRUNTIME140.dll
0x00007ffc56cd0000 - 0x00007ffc56ce6000 	C:\Program Files\Java\jdk-24\bin\jli.dll
0x00007ffc79780000 - 0x00007ffc7994a000 	C:\WINDOWS\System32\USER32.dll
0x00007ffc772a0000 - 0x00007ffc772c7000 	C:\WINDOWS\System32\win32u.dll
0x00007ffc792e0000 - 0x00007ffc7930b000 	C:\WINDOWS\System32\GDI32.dll
0x00007ffc5c200000 - 0x00007ffc5c49a000 	C:\WINDOWS\WinSxS\amd64_microsoft.windows.common-controls_6595b64144ccf1df_6.0.26100.3912_none_3e07963ce335137e\COMCTL32.dll
0x00007ffc77840000 - 0x00007ffc77972000 	C:\WINDOWS\System32\gdi32full.dll
0x00007ffc774c0000 - 0x00007ffc77563000 	C:\WINDOWS\System32\msvcp_win.dll
0x00007ffc799d0000 - 0x00007ffc79a79000 	C:\WINDOWS\System32\msvcrt.dll
0x00007ffc77b00000 - 0x00007ffc77b30000 	C:\WINDOWS\System32\IMM32.DLL
0x00007ffc5b690000 - 0x00007ffc5b69c000 	C:\Program Files\Java\jdk-24\bin\vcruntime140_1.dll
0x00007ffbfe0c0000 - 0x00007ffbfe14e000 	C:\Program Files\Java\jdk-24\bin\msvcp140.dll
0x00007ffbbfd40000 - 0x00007ffbc0ae2000 	C:\Program Files\Java\jdk-24\bin\server\jvm.dll
0x00007ffc796c0000 - 0x00007ffc79772000 	C:\WINDOWS\System32\ADVAPI32.dll
0x00007ffc79a80000 - 0x00007ffc79b26000 	C:\WINDOWS\System32\sechost.dll
0x00007ffc79b40000 - 0x00007ffc79c56000 	C:\WINDOWS\System32\RPCRT4.dll
0x00007ffc79c60000 - 0x00007ffc79cd4000 	C:\WINDOWS\System32\WS2_32.dll
0x00007ffc76d40000 - 0x00007ffc76d9e000 	C:\WINDOWS\SYSTEM32\POWRPROF.dll
0x00007ffc64cb0000 - 0x00007ffc64ce6000 	C:\WINDOWS\SYSTEM32\WINMM.dll
0x00007ffc6fa60000 - 0x00007ffc6fa6b000 	C:\WINDOWS\SYSTEM32\VERSION.dll
0x00007ffc76d20000 - 0x00007ffc76d34000 	C:\WINDOWS\SYSTEM32\UMPDC.dll
0x00007ffc75c90000 - 0x00007ffc75caa000 	C:\WINDOWS\SYSTEM32\kernel.appcore.dll
0x00007ffc5ac80000 - 0x00007ffc5ac8a000 	C:\Program Files\Java\jdk-24\bin\jimage.dll
0x00007ffc74630000 - 0x00007ffc74871000 	C:\WINDOWS\SYSTEM32\DBGHELP.DLL
0x00007ffc78690000 - 0x00007ffc78a14000 	C:\WINDOWS\System32\combase.dll
0x00007ffc78a20000 - 0x00007ffc78b00000 	C:\WINDOWS\System32\OLEAUT32.dll
0x00007ffc5b710000 - 0x00007ffc5b749000 	C:\WINDOWS\SYSTEM32\dbgcore.DLL
0x00007ffc77390000 - 0x00007ffc77429000 	C:\WINDOWS\System32\bcryptPrimitives.dll
0x00007ffc4c8a0000 - 0x00007ffc4c8be000 	C:\Program Files\Java\jdk-24\bin\java.dll
0x00007ffc793e0000 - 0x00007ffc7957f000 	C:\WINDOWS\System32\ole32.dll
0x00007ffc77f50000 - 0x00007ffc7867d000 	C:\WINDOWS\System32\SHELL32.dll
0x00007ffc77980000 - 0x00007ffc77af4000 	C:\WINDOWS\System32\wintypes.dll
0x00007ffc74b80000 - 0x00007ffc753d6000 	C:\WINDOWS\SYSTEM32\windows.storage.dll
0x00007ffc791e0000 - 0x00007ffc792cf000 	C:\WINDOWS\System32\SHCORE.dll
0x00007ffc79950000 - 0x00007ffc799b9000 	C:\WINDOWS\System32\shlwapi.dll
0x00007ffc76de0000 - 0x00007ffc76e0f000 	C:\WINDOWS\SYSTEM32\profapi.dll
0x00007ffbeeeb0000 - 0x00007ffbeef87000 	C:\Program Files\Java\jdk-24\bin\jsvml.dll
0x00007ffc5a180000 - 0x00007ffc5a190000 	C:\Program Files\Java\jdk-24\bin\net.dll
0x00007ffc76200000 - 0x00007ffc7626a000 	C:\WINDOWS\system32\mswsock.dll
0x00007ffc4c880000 - 0x00007ffc4c896000 	C:\Program Files\Java\jdk-24\bin\nio.dll
0x00007ffc4c690000 - 0x00007ffc4c6a7000 	C:\Program Files\Java\jdk-24\bin\zip.dll
0x00007ffc5a750000 - 0x00007ffc5a75a000 	C:\Program Files\Java\jdk-24\bin\management.dll
0x00007ffc59be0000 - 0x00007ffc59beb000 	C:\Program Files\Java\jdk-24\bin\management_ext.dll
0x00007ffc77b40000 - 0x00007ffc77b48000 	C:\WINDOWS\System32\PSAPI.DLL
0x00007ffc55b30000 - 0x00007ffc55b48000 	C:\WINDOWS\system32\napinsp.dll
0x00007ffc75760000 - 0x00007ffc75887000 	C:\WINDOWS\SYSTEM32\DNSAPI.dll
0x00007ffc756d0000 - 0x00007ffc75703000 	C:\WINDOWS\SYSTEM32\IPHLPAPI.DLL
0x00007ffc79b30000 - 0x00007ffc79b3a000 	C:\WINDOWS\System32\NSI.dll
0x00007ffc55a50000 - 0x00007ffc55a62000 	C:\WINDOWS\System32\winrnr.dll
0x00007ffc55980000 - 0x00007ffc559b0000 	C:\WINDOWS\system32\nlansp_c.dll
0x00007ffc55950000 - 0x00007ffc55970000 	C:\WINDOWS\system32\wshbth.dll
0x00007ffc69370000 - 0x00007ffc6937b000 	C:\Windows\System32\rasadhlp.dll
0x00007ffc6a830000 - 0x00007ffc6a8b6000 	C:\WINDOWS\System32\fwpuclnt.dll
0x00007ffc764a0000 - 0x00007ffc764bc000 	C:\WINDOWS\SYSTEM32\CRYPTSP.dll
0x00007ffc75bf0000 - 0x00007ffc75c2a000 	C:\WINDOWS\system32\rsaenh.dll
0x00007ffc762a0000 - 0x00007ffc762cb000 	C:\WINDOWS\SYSTEM32\USERENV.dll
0x00007ffc76db0000 - 0x00007ffc76dd6000 	C:\WINDOWS\SYSTEM32\bcrypt.dll
0x00007ffc764c0000 - 0x00007ffc764cc000 	C:\WINDOWS\SYSTEM32\CRYPTBASE.dll
0x00007ffc56cc0000 - 0x00007ffc56cc9000 	C:\Program Files\Java\jdk-24\bin\extnet.dll
0x00007ffc56c30000 - 0x00007ffc56c3e000 	C:\Program Files\Java\jdk-24\bin\sunmscapi.dll
0x00007ffc776c0000 - 0x00007ffc77837000 	C:\WINDOWS\System32\CRYPT32.dll
0x00007ffc766b0000 - 0x00007ffc766e0000 	C:\WINDOWS\SYSTEM32\ncrypt.dll
0x00007ffc76660000 - 0x00007ffc7669f000 	C:\WINDOWS\SYSTEM32\NTASN1.dll
0x00007ffc5c550000 - 0x00007ffc5c560000 	C:\Program Files\Java\jdk-24\bin\verify.dll
0x00007ffbfe440000 - 0x00007ffbfe448000 	C:\WINDOWS\system32\wshunix.dll

dbghelp: loaded successfully - version: 4.0.5 - missing functions: none
symbol engine: initialized successfully - sym options: 0x614 - pdb path: .;C:\Program Files\Java\jdk-24\bin;C:\WINDOWS\SYSTEM32;C:\WINDOWS\WinSxS\amd64_microsoft.windows.common-controls_6595b64144ccf1df_6.0.26100.3912_none_3e07963ce335137e;C:\Program Files\Java\jdk-24\bin\server

VM Arguments:
jvm_args: -Dcom.sun.management.jmxremote -Dcom.sun.management.jmxremote.port=53602 -Dcom.sun.management.jmxremote.authenticate=false -Dcom.sun.management.jmxremote.ssl=false -Dspring.jmx.enabled=true -Djava.rmi.server.hostname=localhost -Dspring.application.admin.enabled=true -Dspring.boot.project.name=animedailybackend -XX:+ShowCodeDetailsInExceptionMessages 
java_command: com.animedaily.animedailybackend.AnimedailybackendApplication
java_class_path (initial): C:\Users\angul\OneDrive\Desktop\AnimeDaily\animedailybackend\target\classes;C:\Users\angul\.m2\repository\org\springframework\boot\spring-boot-starter-data-jpa\3.4.5\spring-boot-starter-data-jpa-3.4.5.jar;C:\Users\angul\.m2\repository\org\springframework\boot\spring-boot-starter\3.4.5\spring-boot-starter-3.4.5.jar;C:\Users\angul\.m2\repository\org\springframework\boot\spring-boot-starter-logging\3.4.5\spring-boot-starter-logging-3.4.5.jar;C:\Users\angul\.m2\repository\ch\qos\logback\logback-classic\1.5.18\logback-classic-1.5.18.jar;C:\Users\angul\.m2\repository\ch\qos\logback\logback-core\1.5.18\logback-core-1.5.18.jar;C:\Users\angul\.m2\repository\org\apache\logging\log4j\log4j-to-slf4j\2.24.3\log4j-to-slf4j-2.24.3.jar;C:\Users\angul\.m2\repository\org\apache\logging\log4j\log4j-api\2.24.3\log4j-api-2.24.3.jar;C:\Users\angul\.m2\repository\org\slf4j\jul-to-slf4j\2.0.17\jul-to-slf4j-2.0.17.jar;C:\Users\angul\.m2\repository\jakarta\annotation\jakarta.annotation-api\2.1.1\jakarta.annotation-api-2.1.1.jar;C:\Users\angul\.m2\repository\org\yaml\snakeyaml\2.3\snakeyaml-2.3.jar;C:\Users\angul\.m2\repository\org\springframework\boot\spring-boot-starter-jdbc\3.4.5\spring-boot-starter-jdbc-3.4.5.jar;C:\Users\angul\.m2\repository\com\zaxxer\HikariCP\5.1.0\HikariCP-5.1.0.jar;C:\Users\angul\.m2\repository\org\springframework\spring-jdbc\6.2.6\spring-jdbc-6.2.6.jar;C:\Users\angul\.m2\repository\org\hibernate\orm\hibernate-core\6.6.13.Final\hibernate-core-6.6.13.Final.jar;C:\Users\angul\.m2\repository\jakarta\persistence\jakarta.persistence-api\3.1.0\jakarta.persistence-api-3.1.0.jar;C:\Users\angul\.m2\repository\jakarta\transaction\jakarta.transaction-api\2.0.1\jakarta.transaction-api-2.0.1.jar;C:\Users\angul\.m2\repository\org\jboss\logging\jboss-logging\3.6.1.Final\jboss-logging-3.6.1.Final.jar;C:\Users\angul\.m2\repository\org\hibernate\common\hibernate-commons-annotations\7.0.3.Final\hibernate-commons-annotations-7.0.3.Final.jar;C:\Users\angul\.m2\repository\io\smallrye\jandex\3.2.0\jandex-3.2.0.jar;C:\Users\angul\.m2\repository\com\fasterxml\classmate\1.7.0\classmate-1.7.0.jar;C:\Users\angul\.m2\repository\net\bytebuddy\byte-buddy\1.15.11\byte-buddy-1.15.11.jar;C:\Users\angul\.m2\repository\org\glassfish\jaxb\jaxb-runtime\4.0.5\jaxb-runtime-4.0.5.jar;C:\Users\angul\.m2\repository\org\glassfish\jaxb\jaxb-core\4.0.5\jaxb-core-4.0.5.jar;C:\Users\angul\.m2\repository\org\eclipse\angus\angus-activation\2.0.2\angus-activation-2.0.2.jar;C:\Users\angul\.m2\repository\org\glassfish\jaxb\txw2\4.0.5\txw2-4.0.5.jar;C:\Users\angul\.m2\repository\com\sun\istack\istack-commons-runtime\4.1.2\istack-commons-runtime-4.1.2.jar;C:\Users\angul\.m2\repository\jakarta\inject\jakarta.inject-api\2.0.1\jakarta.inject-api-2.0.1.jar;C:\Users\angul\.m2\repository\org\antlr\antlr4-runtime\4.13.0\antlr4-runtime-4.13.0.jar;C:\Users\angul\.m2\repository\org\springframework\data\spring-data-jpa\3.4.5\spring-data-jpa-3.4.5.jar;C:\Users\angul\.m2\repository\org\springframework\data\spring-data-commons\3.4.5\spring-data-commons-3.4.5.jar;C:\Users\angul\.m2\repository\org\springframework\spring-orm\6.2.6\spring-orm-6.2.6.jar;C:\Users\angul\.m2\repository\org\springframework\spring-context\6.2.6\spring-context-6.2.6.jar;C:\Users\angul\.m2\repository\org\springframework\spring-tx\6.2.6\spring-tx-6.2.6.jar;C:\Users\angul\.m2\repository\org\springframework\spring-beans\6.2.6\spring-beans-6.2.6.jar;C:\Users\angul\.m2\repository\org\slf4j\slf4j-api\2.0.17\slf4j-api-2.0.17.jar;C:\Users\angul\.m2\repository\org\springframework\spring-aspects\6.2.6\spring-aspects-6.2.6.jar;C:\Users\angul\.m2\repository\org\aspectj\aspectjweaver\1.9.24\aspectjweaver-1.9.24.jar;C:\Users\angul\.m2\repository\org\springframework\boot\spring-boot-starter-web\3.4.5\spring-boot-starter-web-3.4.5.jar;C:\Users\angul\.m2\repository\org\springframework\boot\spring-boot-starter-json\3.4.5\spring-boot-starter-json-3.4.5.jar;C:\Users\angul\.m2\repository\com\fasterxml\jackson\datatype\jackson-datatype-jdk8\2.18.3\jackson-datatype-jdk8-2.18.3.jar;C:\Users\angul\.m2\repository\com\fasterxml\jackson\datatype\jackson-datatype-jsr310\2.18.3\jackson-datatype-jsr310-2.18.3.jar;C:\Users\angul\.m2\repository\com\fasterxml\jackson\module\jackson-module-parameter-names\2.18.3\jackson-module-parameter-names-2.18.3.jar;C:\Users\angul\.m2\repository\org\springframework\boot\spring-boot-starter-tomcat\3.4.5\spring-boot-starter-tomcat-3.4.5.jar;C:\Users\angul\.m2\repository\org\apache\tomcat\embed\tomcat-embed-core\10.1.40\tomcat-embed-core-10.1.40.jar;C:\Users\angul\.m2\repository\org\apache\tomcat\embed\tomcat-embed-websocket\10.1.40\tomcat-embed-websocket-10.1.40.jar;C:\Users\angul\.m2\repository\org\springframework\spring-web\6.2.6\spring-web-6.2.6.jar;C:\Users\angul\.m2\repository\io\micrometer\micrometer-observation\1.14.6\micrometer-observation-1.14.6.jar;C:\Users\angul\.m2\repository\io\micrometer\micrometer-commons\1.14.6\micrometer-commons-1.14.6.jar;C:\Users\angul\.m2\repository\org\springframework\spring-webmvc\6.2.6\spring-webmvc-6.2.6.jar;C:\Users\angul\.m2\repository\org\springframework\spring-expression\6.2.6\spring-expression-6.2.6.jar;C:\Users\angul\.m2\repository\org\springframework\boot\spring-boot-devtools\3.4.5\spring-boot-devtools-3.4.5.jar;C:\Users\angul\.m2\repository\org\springframework\boot\spring-boot\3.4.5\spring-boot-3.4.5.jar;C:\Users\angul\.m2\repository\org\springframework\boot\spring-boot-autoconfigure\3.4.5\spring-boot-autoconfigure-3.4.5.jar;C:\Users\angul\.m2\repository\com\mysql\mysql-connector-j\9.1.0\mysql-connector-j-9.1.0.jar;C:\Users\angul\.m2\repository\jakarta\xml\bind\jakarta.xml.bind-api\4.0.2\jakarta.xml.bind-api-4.0.2.jar;C:\Users\angul\.m2\repository\jakarta\activation\jakarta.activation-api\2.1.3\jakarta.activation-api-2.1.3.jar;C:\Users\angul\.m2\repository\org\springframework\spring-core\6.2.6\spring-core-6.2.6.jar;C:\Users\angul\.m2\repository\org\springframework\spring-jcl\6.2.6\spring-jcl-6.2.6.jar;C:\Users\angul\.m2\repository\org\springframework\boot\spring-boot-starter-security\3.4.5\spring-boot-starter-security-3.4.5.jar;C:\Users\angul\.m2\repository\org\springframework\spring-aop\6.2.6\spring-aop-6.2.6.jar;C:\Users\angul\.m2\repository\org\springframework\security\spring-security-config\6.4.5\spring-security-config-6.4.5.jar;C:\Users\angul\.m2\repository\org\springframework\security\spring-security-core\6.4.5\spring-security-core-6.4.5.jar;C:\Users\angul\.m2\repository\org\springframework\security\spring-security-web\6.4.5\spring-security-web-6.4.5.jar;C:\Users\angul\.m2\repository\io\jsonwebtoken\jjwt-api\0.11.5\jjwt-api-0.11.5.jar;C:\Users\angul\.m2\repository\io\jsonwebtoken\jjwt-impl\0.11.5\jjwt-impl-0.11.5.jar;C:\Users\angul\.m2\repository\io\jsonwebtoken\jjwt-jackson\0.11.5\jjwt-jackson-0.11.5.jar;C:\Users\angul\.m2\repository\com\fasterxml\jackson\core\jackson-databind\2.18.3\jackson-databind-2.18.3.jar;C:\Users\angul\.m2\repository\com\fasterxml\jackson\core\jackson-annotations\2.18.3\jackson-annotations-2.18.3.jar;C:\Users\angul\.m2\repository\com\fasterxml\jackson\core\jackson-core\2.18.3\jackson-core-2.18.3.jar;C:\Users\angul\.m2\repository\org\springframework\security\spring-security-crypto\6.4.5\spring-security-crypto-6.4.5.jar;C:\Users\angul\.m2\repository\org\projectlombok\lombok\1.18.38\lombok-1.18.38.jar;C:\Users\angul\.m2\repository\org\springdoc\springdoc-openapi-starter-webmvc-ui\2.1.0\springdoc-openapi-starter-webmvc-ui-2.1.0.jar;C:\Users\angul\.m2\repository\org\springdoc\springdoc-openapi-starter-webmvc-api\2.1.0\springdoc-openapi-starter-webmvc-api-2.1.0.jar;C:\Users\angul\.m2\repository\org\springdoc\springdoc-openapi-starter-common\2.1.0\springdoc-openapi-starter-common-2.1.0.jar;C:\Users\angul\.m2\repository\io\swagger\core\v3\swagger-core-jakarta\2.2.9\swagger-core-jakarta-2.2.9.jar;C:\Users\angul\.m2\repository\org\apache\commons\commons-lang3\3.17.0\commons-lang3-3.17.0.jar;C:\Users\angul\.m2\repository\io\swagger\core\v3\swagger-annotations-jakarta\2.2.9\swagger-annotations-jakarta-2.2.9.jar;C:\Users\angul\.m2\repository\io\swagger\core\v3\swagger-models-jakarta\2.2.9\swagger-models-jakarta-2.2.9.jar;C:\Users\angul\.m2\repository\com\fasterxml\jackson\dataformat\jackson-dataformat-yaml\2.18.3\jackson-dataformat-yaml-2.18.3.jar;C:\Users\angul\.m2\repository\org\webjars\swagger-ui\4.18.2\swagger-ui-4.18.2.jar;C:\Users\angul\.m2\repository\org\springframework\boot\spring-boot-starter-validation\3.4.5\spring-boot-starter-validation-3.4.5.jar;C:\Users\angul\.m2\repository\org\apache\tomcat\embed\tomcat-embed-el\10.1.40\tomcat-embed-el-10.1.40.jar;C:\Users\angul\.m2\repository\org\hibernate\validator\hibernate-validator\8.0.2.Final\hibernate-validator-8.0.2.Final.jar;C:\Users\angul\.m2\repository\jakarta\validation\jakarta.validation-api\3.0.2\jakarta.validation-api-3.0.2.jar
Launcher Type: SUN_STANDARD

[Global flags]
     intx CICompilerCount                          = 4                                         {product} {ergonomic}
     uint ConcGCThreads                            = 2                                         {product} {ergonomic}
     uint G1ConcRefinementThreads                  = 8                                         {product} {ergonomic}
   size_t G1HeapRegionSize                         = 1048576                                   {product} {ergonomic}
   size_t InitialHeapSize                          = 62914560                                  {product} {ergonomic}
     bool ManagementServer                         = true                                      {product} {command line}
   size_t MarkStackSize                            = 4194304                                   {product} {ergonomic}
   size_t MarkStackSizeMax                         = 536870912                                 {product} {ergonomic}
   size_t MaxHeapSize                              = 994050048                                 {product} {ergonomic}
   size_t MaxNewSize                               = 595591168                                 {product} {ergonomic}
   size_t MinHeapDeltaBytes                        = 1048576                                   {product} {ergonomic}
   size_t MinHeapSize                              = 8388608                                   {product} {ergonomic}
    uintx NonNMethodCodeHeapSize                   = 5832704                                {pd product} {ergonomic}
    uintx NonProfiledCodeHeapSize                  = 122945536                              {pd product} {ergonomic}
    uintx ProfiledCodeHeapSize                     = 122880000                              {pd product} {ergonomic}
    uintx ReservedCodeCacheSize                    = 251658240                              {pd product} {ergonomic}
     bool SegmentedCodeCache                       = true                                      {product} {ergonomic}
     bool ShowCodeDetailsInExceptionMessages       = true                                   {manageable} {command line}
   size_t SoftMaxHeapSize                          = 994050048                              {manageable} {ergonomic}
     bool UseCompressedOops                        = true                           {product lp64_product} {ergonomic}
     bool UseG1GC                                  = true                                      {product} {ergonomic}
     bool UseLargePagesIndividualAllocation        = false                                  {pd product} {ergonomic}

Logging:
Log output configuration:
 #0: stdout all=warning uptime,level,tags foldmultilines=false
 #1: stderr all=off uptime,level,tags foldmultilines=false

Environment Variables:
JAVA_HOME=C:\Program Files\Java\jdk-24
PATH=C:\WINDOWS\system32;C:\WINDOWS;C:\WINDOWS\System32\Wbem;C:\WINDOWS\System32\WindowsPowerShell\v1.0\;C:\WINDOWS\System32\OpenSSH\;;C:\ProgramData\chocolatey\bin;C:\Users\angul\AppData\Local\Microsoft\WindowsApps;C:\Users\angul\AppData\Local\Programs\Microsoft VS Code\bin;C:\Program Files\Java\jdk-24\bin;
USERNAME=angul
LANG=en_US.UTF-8
OS=Windows_NT
PROCESSOR_IDENTIFIER=Intel64 Family 6 Model 126 Stepping 5, GenuineIntel
TMP=C:\Users\angul\AppData\Local\Temp
TEMP=C:\Users\angul\AppData\Local\Temp




Periodic native trim disabled

---------------  S Y S T E M  ---------------

OS:
 Windows 11 , 64 bit Build 26100 (10.0.26100.3912)
OS uptime: 0 days 4:22 hours

CPU: total 8 (initial active 8) (4 cores per cpu, 2 threads per core) family 6 model 126 stepping 5 microcode 0xa0, cx8, cmov, fxsr, ht, mmx, 3dnowpref, sse, sse2, sse3, ssse3, sse4.1, sse4.2, popcnt, lzcnt, tsc, tscinvbit, avx, avx2, aes, erms, clmul, bmi1, bmi2, adx, avx512f, avx512dq, avx512cd, avx512bw, avx512vl, sha, fma, vzeroupper, avx512_vpopcntdq, avx512_vpclmulqdq, avx512_vaes, avx512_vnni, clflush, clflushopt, avx512_vbmi2, avx512_vbmi, rdtscp, rdpid, fsrm, gfni, avx512_bitalg, f16c, pku, avx512_ifma
Processor Information for the first 8 processors :
  Max Mhz: 1190, Current Mhz: 991, Mhz Limit: 987

Memory: 4k page, system-wide physical 3784M (67M free)
TotalPageFile size 15560M (AvailPageFile size 9M)
current process WorkingSet (physical memory assigned to process): 35M, peak: 255M
current process commit charge ("private bytes"): 504M, peak: 520M

vm_info: Java HotSpot(TM) 64-Bit Server VM (24+36-3646) for windows-amd64 JRE (24+36-3646), built on 2025-02-06T00:20:43Z with MS VC++ 17.6 (VS2022)

END.
